{"D:\\work\\weatherBitClient\\src\\app.ts":{"path":"D:\\work\\weatherBitClient\\src\\app.ts","statementMap":{"0":{"start":{"line":2,"column":22},"end":{"line":4,"column":1}},"1":{"start":{"line":3,"column":4},"end":{"line":3,"column":62}},"2":{"start":{"line":5,"column":0},"end":{"line":5,"column":62}},"3":{"start":{"line":6,"column":18},"end":{"line":6,"column":53}},"4":{"start":{"line":7,"column":24},"end":{"line":7,"column":57}},"5":{"start":{"line":8,"column":28},"end":{"line":8,"column":65}},"6":{"start":{"line":9,"column":21},"end":{"line":9,"column":49}},"7":{"start":{"line":10,"column":12},"end":{"line":10,"column":36}},"8":{"start":{"line":11,"column":15},"end":{"line":11,"column":17}},"9":{"start":{"line":12,"column":0},"end":{"line":12,"column":52}},"10":{"start":{"line":13,"column":0},"end":{"line":13,"column":59}},"11":{"start":{"line":14,"column":0},"end":{"line":19,"column":3}},"12":{"start":{"line":16,"column":4},"end":{"line":16,"column":111}},"13":{"start":{"line":17,"column":4},"end":{"line":17,"column":138}},"14":{"start":{"line":18,"column":4},"end":{"line":18,"column":111}},"15":{"start":{"line":20,"column":0},"end":{"line":20,"column":22}}},"fnMap":{"0":{"name":"(anonymous_0)","decl":{"start":{"line":2,"column":56},"end":{"line":2,"column":57}},"loc":{"start":{"line":2,"column":71},"end":{"line":4,"column":1}},"line":2},"1":{"name":"(anonymous_1)","decl":{"start":{"line":14,"column":41},"end":{"line":14,"column":42}},"loc":{"start":{"line":14,"column":47},"end":{"line":19,"column":1}},"line":14}},"branchMap":{"0":{"loc":{"start":{"line":2,"column":22},"end":{"line":4,"column":1}},"type":"binary-expr","locations":[{"start":{"line":2,"column":23},"end":{"line":2,"column":27}},{"start":{"line":2,"column":31},"end":{"line":2,"column":51}},{"start":{"line":2,"column":56},"end":{"line":4,"column":1}}],"line":2},"1":{"loc":{"start":{"line":3,"column":11},"end":{"line":3,"column":61}},"type":"cond-expr","locations":[{"start":{"line":3,"column":37},"end":{"line":3,"column":40}},{"start":{"line":3,"column":43},"end":{"line":3,"column":61}}],"line":3},"2":{"loc":{"start":{"line":3,"column":12},"end":{"line":3,"column":33}},"type":"binary-expr","locations":[{"start":{"line":3,"column":12},"end":{"line":3,"column":15}},{"start":{"line":3,"column":19},"end":{"line":3,"column":33}}],"line":3}},"s":{"0":1,"1":1,"2":1,"3":1,"4":1,"5":1,"6":1,"7":1,"8":1,"9":1,"10":1,"11":1,"12":1,"13":1,"14":1,"15":1},"f":{"0":1,"1":1},"b":{"0":[1,1,1],"1":[0,1],"2":[1,1]},"inputSourceMap":{"version":3,"file":"D:/work/weatherBitClient/src/app.ts","sources":["D:/work/weatherBitClient/src/app.ts"],"names":[],"mappings":";;;;;AAAA,sDAA+C;AAE/C,0DAAuD;AACvD,kEAA8D;AAG9D,kDAA+C;AAE/C,MAAM,GAAG,GAAgB,IAAA,iBAAO,GAAE,CAAC;AAEnC,MAAM,MAAM,GAAyB,EAAE,CAAC;AAGxC,MAAM,CAAC,IAAI,CAAC,IAAI,6BAAa,CAAC,GAAG,CAAC,CAAC,CAAC;AACpC,MAAM,CAAC,IAAI,CAAC,IAAI,oCAAgB,CAAC,GAAG,CAAC,CAAC,CAAC;AASvC,GAAG,CAAC,MAAM,CAAC,uBAAU,CAAC,IAAI,EAAE,GAAG,EAAE;IAC7B,mBAAmB;IAEnB,OAAO,CAAC,GAAG,CAAC,6FAA6F,CAAC,CAAC;IAC3G,OAAO,CAAC,GAAG,CAAC,uDAAuD,uBAAU,CAAC,IAAI,qCAAqC,CAAC,CAAC;IACzH,OAAO,CAAC,GAAG,CAAC,6FAA6F,CAAC,CAAC;AAC/G,CAAC,CAAC,CAAA;AAGF,kBAAe,GAAG,CAAC","sourcesContent":["import express, { Application } from 'express';\r\nimport { CommonRoutesConfig } from './routes/common.routes.config';\r\nimport { WeatherRoutes } from './routes/weather.routs';\r\nimport { StatisticsRoutes } from './routes/statistics.routes';\r\n\r\nimport { initializeData } from './util/initialData';\r\nimport { enviroment } from './util/enviroment';\r\n\r\nconst app: Application = express();\r\n\r\nconst routes: CommonRoutesConfig[] = [];\r\n\r\n\r\nroutes.push(new WeatherRoutes(app));\r\nroutes.push(new StatisticsRoutes(app));\r\n\r\n\r\n\r\n\r\n\r\n\r\n\r\n\r\napp.listen(enviroment.PORT, () => {\r\n    //initializeData();\r\n\r\n    console.log(\"===========================================================================================\");\r\n    console.log(`========================= Server is running on port ${enviroment.PORT} ==================================`);\r\n    console.log(\"===========================================================================================\");\r\n})\r\n\r\n\r\nexport default app;"]},"_coverageSchema":"1a1c01bbd47fc00a2c39e90264f33305004495a9","hash":"53d03f16221f6f5e4b503967ef1d2442f29821de"},"D:\\work\\weatherBitClient\\src\\routes\\weather.routs.ts":{"path":"D:\\work\\weatherBitClient\\src\\routes\\weather.routs.ts","statementMap":{"0":{"start":{"line":2,"column":22},"end":{"line":4,"column":1}},"1":{"start":{"line":3,"column":4},"end":{"line":3,"column":62}},"2":{"start":{"line":5,"column":0},"end":{"line":5,"column":62}},"3":{"start":{"line":6,"column":0},"end":{"line":6,"column":31}},"4":{"start":{"line":7,"column":29},"end":{"line":7,"column":89}},"5":{"start":{"line":8,"column":29},"end":{"line":8,"column":89}},"6":{"start":{"line":9,"column":31},"end":{"line":9,"column":64}},"7":{"start":{"line":12,"column":8},"end":{"line":14,"column":59}},"8":{"start":{"line":15,"column":8},"end":{"line":18,"column":61}},"9":{"start":{"line":19,"column":8},"end":{"line":19,"column":24}},"10":{"start":{"line":22,"column":8},"end":{"line":22,"column":36}},"11":{"start":{"line":25,"column":0},"end":{"line":25,"column":38}}},"fnMap":{"0":{"name":"(anonymous_0)","decl":{"start":{"line":2,"column":56},"end":{"line":2,"column":57}},"loc":{"start":{"line":2,"column":71},"end":{"line":4,"column":1}},"line":2},"1":{"name":"(anonymous_1)","decl":{"start":{"line":11,"column":4},"end":{"line":11,"column":5}},"loc":{"start":{"line":11,"column":22},"end":{"line":20,"column":5}},"line":11},"2":{"name":"(anonymous_2)","decl":{"start":{"line":21,"column":4},"end":{"line":21,"column":5}},"loc":{"start":{"line":21,"column":21},"end":{"line":23,"column":5}},"line":21}},"branchMap":{"0":{"loc":{"start":{"line":2,"column":22},"end":{"line":4,"column":1}},"type":"binary-expr","locations":[{"start":{"line":2,"column":23},"end":{"line":2,"column":27}},{"start":{"line":2,"column":31},"end":{"line":2,"column":51}},{"start":{"line":2,"column":56},"end":{"line":4,"column":1}}],"line":2},"1":{"loc":{"start":{"line":3,"column":11},"end":{"line":3,"column":61}},"type":"cond-expr","locations":[{"start":{"line":3,"column":37},"end":{"line":3,"column":40}},{"start":{"line":3,"column":43},"end":{"line":3,"column":61}}],"line":3},"2":{"loc":{"start":{"line":3,"column":12},"end":{"line":3,"column":33}},"type":"binary-expr","locations":[{"start":{"line":3,"column":12},"end":{"line":3,"column":15}},{"start":{"line":3,"column":19},"end":{"line":3,"column":33}}],"line":3}},"s":{"0":1,"1":2,"2":1,"3":1,"4":1,"5":1,"6":1,"7":1,"8":1,"9":1,"10":1,"11":1},"f":{"0":2,"1":1,"2":1},"b":{"0":[1,1,1],"1":[2,0],"2":[2,2]},"inputSourceMap":{"version":3,"file":"D:/work/weatherBitClient/src/routes/weather.routs.ts","sources":["D:/work/weatherBitClient/src/routes/weather.routs.ts"],"names":[],"mappings":";;;;;;AAEA,0FAAiE;AACjE,0FAAiE;AACjE,iEAA4D;AAE5D,MAAa,aAAc,SAAQ,yCAAkB;IACjD,eAAe;QACX,IAAI,CAAC,GAAG;aACH,KAAK,CAAC,UAAU,CAAC;aACjB,GAAG,CAAC,4BAAiB,CAAC,WAAW,CAAC,CAAC;QAExC,IAAI,CAAC,GAAG;aACH,KAAK,CAAC,kBAAkB,CAAC;aACzB,GAAG,CAAC,4BAAiB,CAAC,cAAc,CAAC;aACrC,GAAG,CAAC,4BAAiB,CAAC,aAAa,CAAC,CAAC;QAG1C,OAAO,IAAI,CAAC,GAAG,CAAC;IAEpB,CAAC;IACD,YAAY,GAAgB;QACxB,KAAK,CAAC,GAAG,EAAE,eAAe,CAAC,CAAA;IAC/B,CAAC;CAEJ;AAnBD,sCAmBC","sourcesContent":["import { Application, Request, Response } from \"express\";\r\nimport { Client } from \"redis-om\";\r\nimport WeatherController from \"../controller/weather.controller\";\r\nimport WeatherMiddleware from \"../middleware/weather.middleware\";\r\nimport { CommonRoutesConfig } from \"./common.routes.config\";\r\n\r\nexport class WeatherRoutes extends CommonRoutesConfig {\r\n    configureRoutes(): Application {\r\n        this.app\r\n            .route(`/weather`)\r\n            .get(WeatherController.listWeather);\r\n\r\n        this.app\r\n            .route(`/weather/:cityId`)\r\n            .all(WeatherMiddleware.validateCityId)\r\n            .get(WeatherController.latestWeather);\r\n\r\n\r\n        return this.app;\r\n\r\n    }\r\n    constructor(app: Application) {\r\n        super(app, 'WeatherRoutes')\r\n    }\r\n\r\n}"]},"_coverageSchema":"1a1c01bbd47fc00a2c39e90264f33305004495a9","hash":"e3a21d02ac498ea2e2e2d1ecf8852f9394ae5d18"},"D:\\work\\weatherBitClient\\src\\controller\\weather.controller.ts":{"path":"D:\\work\\weatherBitClient\\src\\controller\\weather.controller.ts","statementMap":{"0":{"start":{"line":2,"column":16},"end":{"line":10,"column":1}},"1":{"start":{"line":3,"column":28},"end":{"line":3,"column":110}},"2":{"start":{"line":3,"column":91},"end":{"line":3,"column":106}},"3":{"start":{"line":4,"column":4},"end":{"line":9,"column":7}},"4":{"start":{"line":5,"column":36},"end":{"line":5,"column":97}},"5":{"start":{"line":5,"column":42},"end":{"line":5,"column":70}},"6":{"start":{"line":5,"column":85},"end":{"line":5,"column":95}},"7":{"start":{"line":6,"column":35},"end":{"line":6,"column":100}},"8":{"start":{"line":6,"column":41},"end":{"line":6,"column":73}},"9":{"start":{"line":6,"column":88},"end":{"line":6,"column":98}},"10":{"start":{"line":7,"column":32},"end":{"line":7,"column":116}},"11":{"start":{"line":8,"column":8},"end":{"line":8,"column":78}},"12":{"start":{"line":11,"column":22},"end":{"line":13,"column":1}},"13":{"start":{"line":12,"column":4},"end":{"line":12,"column":62}},"14":{"start":{"line":14,"column":0},"end":{"line":14,"column":62}},"15":{"start":{"line":15,"column":26},"end":{"line":15,"column":80}},"16":{"start":{"line":18,"column":8},"end":{"line":21,"column":11}},"17":{"start":{"line":19,"column":31},"end":{"line":19,"column":69}},"18":{"start":{"line":20,"column":12},"end":{"line":20,"column":45}},"19":{"start":{"line":24,"column":8},"end":{"line":27,"column":11}},"20":{"start":{"line":25,"column":28},"end":{"line":25,"column":76}},"21":{"start":{"line":26,"column":12},"end":{"line":26,"column":42}},"22":{"start":{"line":30,"column":8},"end":{"line":33,"column":11}},"23":{"start":{"line":31,"column":28},"end":{"line":31,"column":100}},"24":{"start":{"line":32,"column":12},"end":{"line":32,"column":42}},"25":{"start":{"line":36,"column":0},"end":{"line":36,"column":42}}},"fnMap":{"0":{"name":"(anonymous_0)","decl":{"start":{"line":2,"column":44},"end":{"line":2,"column":45}},"loc":{"start":{"line":2,"column":89},"end":{"line":10,"column":1}},"line":2},"1":{"name":"adopt","decl":{"start":{"line":3,"column":13},"end":{"line":3,"column":18}},"loc":{"start":{"line":3,"column":26},"end":{"line":3,"column":112}},"line":3},"2":{"name":"(anonymous_2)","decl":{"start":{"line":3,"column":70},"end":{"line":3,"column":71}},"loc":{"start":{"line":3,"column":89},"end":{"line":3,"column":108}},"line":3},"3":{"name":"(anonymous_3)","decl":{"start":{"line":4,"column":36},"end":{"line":4,"column":37}},"loc":{"start":{"line":4,"column":63},"end":{"line":9,"column":5}},"line":4},"4":{"name":"fulfilled","decl":{"start":{"line":5,"column":17},"end":{"line":5,"column":26}},"loc":{"start":{"line":5,"column":34},"end":{"line":5,"column":99}},"line":5},"5":{"name":"rejected","decl":{"start":{"line":6,"column":17},"end":{"line":6,"column":25}},"loc":{"start":{"line":6,"column":33},"end":{"line":6,"column":102}},"line":6},"6":{"name":"step","decl":{"start":{"line":7,"column":17},"end":{"line":7,"column":21}},"loc":{"start":{"line":7,"column":30},"end":{"line":7,"column":118}},"line":7},"7":{"name":"(anonymous_7)","decl":{"start":{"line":11,"column":56},"end":{"line":11,"column":57}},"loc":{"start":{"line":11,"column":71},"end":{"line":13,"column":1}},"line":11},"8":{"name":"(anonymous_8)","decl":{"start":{"line":17,"column":4},"end":{"line":17,"column":5}},"loc":{"start":{"line":17,"column":26},"end":{"line":22,"column":5}},"line":17},"9":{"name":"(anonymous_9)","decl":{"start":{"line":18,"column":47},"end":{"line":18,"column":48}},"loc":{"start":{"line":18,"column":60},"end":{"line":21,"column":9}},"line":18},"10":{"name":"(anonymous_10)","decl":{"start":{"line":23,"column":4},"end":{"line":23,"column":5}},"loc":{"start":{"line":23,"column":28},"end":{"line":28,"column":5}},"line":23},"11":{"name":"(anonymous_11)","decl":{"start":{"line":24,"column":47},"end":{"line":24,"column":48}},"loc":{"start":{"line":24,"column":60},"end":{"line":27,"column":9}},"line":24},"12":{"name":"(anonymous_12)","decl":{"start":{"line":29,"column":4},"end":{"line":29,"column":5}},"loc":{"start":{"line":29,"column":28},"end":{"line":34,"column":5}},"line":29},"13":{"name":"(anonymous_13)","decl":{"start":{"line":30,"column":47},"end":{"line":30,"column":48}},"loc":{"start":{"line":30,"column":60},"end":{"line":33,"column":9}},"line":30}},"branchMap":{"0":{"loc":{"start":{"line":2,"column":16},"end":{"line":10,"column":1}},"type":"binary-expr","locations":[{"start":{"line":2,"column":17},"end":{"line":2,"column":21}},{"start":{"line":2,"column":25},"end":{"line":2,"column":39}},{"start":{"line":2,"column":44},"end":{"line":10,"column":1}}],"line":2},"1":{"loc":{"start":{"line":3,"column":35},"end":{"line":3,"column":109}},"type":"cond-expr","locations":[{"start":{"line":3,"column":56},"end":{"line":3,"column":61}},{"start":{"line":3,"column":64},"end":{"line":3,"column":109}}],"line":3},"2":{"loc":{"start":{"line":4,"column":16},"end":{"line":4,"column":34}},"type":"binary-expr","locations":[{"start":{"line":4,"column":16},"end":{"line":4,"column":17}},{"start":{"line":4,"column":22},"end":{"line":4,"column":33}}],"line":4},"3":{"loc":{"start":{"line":7,"column":32},"end":{"line":7,"column":115}},"type":"cond-expr","locations":[{"start":{"line":7,"column":46},"end":{"line":7,"column":67}},{"start":{"line":7,"column":70},"end":{"line":7,"column":115}}],"line":7},"4":{"loc":{"start":{"line":8,"column":51},"end":{"line":8,"column":67}},"type":"binary-expr","locations":[{"start":{"line":8,"column":51},"end":{"line":8,"column":61}},{"start":{"line":8,"column":65},"end":{"line":8,"column":67}}],"line":8},"5":{"loc":{"start":{"line":11,"column":22},"end":{"line":13,"column":1}},"type":"binary-expr","locations":[{"start":{"line":11,"column":23},"end":{"line":11,"column":27}},{"start":{"line":11,"column":31},"end":{"line":11,"column":51}},{"start":{"line":11,"column":56},"end":{"line":13,"column":1}}],"line":11},"6":{"loc":{"start":{"line":12,"column":11},"end":{"line":12,"column":61}},"type":"cond-expr","locations":[{"start":{"line":12,"column":37},"end":{"line":12,"column":40}},{"start":{"line":12,"column":43},"end":{"line":12,"column":61}}],"line":12},"7":{"loc":{"start":{"line":12,"column":12},"end":{"line":12,"column":33}},"type":"binary-expr","locations":[{"start":{"line":12,"column":12},"end":{"line":12,"column":15}},{"start":{"line":12,"column":19},"end":{"line":12,"column":33}}],"line":12}},"s":{"0":1,"1":2,"2":0,"3":2,"4":2,"5":2,"6":0,"7":0,"8":0,"9":0,"10":4,"11":2,"12":1,"13":1,"14":1,"15":1,"16":1,"17":1,"18":1,"19":0,"20":0,"21":0,"22":1,"23":1,"24":1,"25":1},"f":{"0":2,"1":2,"2":0,"3":2,"4":2,"5":0,"6":4,"7":1,"8":1,"9":1,"10":0,"11":0,"12":1,"13":1},"b":{"0":[1,1,1],"1":[2,0],"2":[2,2],"3":[2,2],"4":[2,2],"5":[1,1,1],"6":[1,0],"7":[1,1]},"inputSourceMap":{"version":3,"file":"D:/work/weatherBitClient/src/controller/weather.controller.ts","sources":["D:/work/weatherBitClient/src/controller/weather.controller.ts"],"names":[],"mappings":";;;;;;;;;;;;;;AACA,iFAAwD;AAExD,MAAM,iBAAiB;IACb,WAAW,CAAC,GAAY,EAAE,GAAa;;YACzC,MAAM,UAAU,GAAG,MAAM,yBAAc,CAAC,IAAI,EAAE,CAAC;YAC/C,GAAG,CAAC,MAAM,CAAC,GAAG,CAAC,CAAC,IAAI,CAAC,UAAU,CAAC,CAAC;QACrC,CAAC;KAAA;IACK,aAAa,CAAC,GAAY,EAAE,GAAa;;YAC3C,MAAM,OAAO,GAAG,MAAM,yBAAc,CAAC,MAAM,CAAC,GAAG,CAAC,IAAI,CAAC,CAAC;YACtD,GAAG,CAAC,MAAM,CAAC,GAAG,CAAC,CAAC,IAAI,CAAC,OAAO,CAAC,CAAC;QAClC,CAAC;KAAA;IACK,aAAa,CAAC,GAAY,EAAE,GAAa;;YAE3C,MAAM,OAAO,GAAG,MAAM,yBAAc,CAAC,IAAI,CAAC,MAAM,CAAC,QAAQ,CAAC,GAAG,CAAC,MAAM,CAAC,MAAM,CAAC,CAAC,CAAC;YAC9E,GAAG,CAAC,MAAM,CAAC,GAAG,CAAC,CAAC,IAAI,CAAC,OAAO,CAAC,CAAC;QAClC,CAAC;KAAA;CACJ;AAED,kBAAe,IAAI,iBAAiB,EAAE,CAAC","sourcesContent":["import { Request, Response } from 'express';\r\nimport weatherService from '../service/weather.service';\r\n\r\nclass WeatherController {\r\n    async listWeather(req: Request, res: Response) {\r\n        const allWeather = await weatherService.list();\r\n        res.status(200).send(allWeather);\r\n    }\r\n    async createWeather(req: Request, res: Response) {\r\n        const weather = await weatherService.create(req.body);\r\n        res.status(200).send(weather);\r\n    }\r\n    async latestWeather(req: Request, res: Response) {\r\n\r\n        const weather = await weatherService.find(Number.parseInt(req.params.cityId));\r\n        res.status(200).send(weather);\r\n    }\r\n}\r\n\r\nexport default new WeatherController();"]},"_coverageSchema":"1a1c01bbd47fc00a2c39e90264f33305004495a9","hash":"e9bb3b3e732f6ac4983ebb59f2ab0c29085066cd"},"D:\\work\\weatherBitClient\\src\\service\\weather.service.ts":{"path":"D:\\work\\weatherBitClient\\src\\service\\weather.service.ts","statementMap":{"0":{"start":{"line":2,"column":16},"end":{"line":10,"column":1}},"1":{"start":{"line":3,"column":28},"end":{"line":3,"column":110}},"2":{"start":{"line":3,"column":91},"end":{"line":3,"column":106}},"3":{"start":{"line":4,"column":4},"end":{"line":9,"column":7}},"4":{"start":{"line":5,"column":36},"end":{"line":5,"column":97}},"5":{"start":{"line":5,"column":42},"end":{"line":5,"column":70}},"6":{"start":{"line":5,"column":85},"end":{"line":5,"column":95}},"7":{"start":{"line":6,"column":35},"end":{"line":6,"column":100}},"8":{"start":{"line":6,"column":41},"end":{"line":6,"column":73}},"9":{"start":{"line":6,"column":88},"end":{"line":6,"column":98}},"10":{"start":{"line":7,"column":32},"end":{"line":7,"column":116}},"11":{"start":{"line":8,"column":8},"end":{"line":8,"column":78}},"12":{"start":{"line":11,"column":22},"end":{"line":13,"column":1}},"13":{"start":{"line":12,"column":4},"end":{"line":12,"column":62}},"14":{"start":{"line":14,"column":0},"end":{"line":14,"column":62}},"15":{"start":{"line":15,"column":22},"end":{"line":15,"column":68}},"16":{"start":{"line":16,"column":0},"end":{"line":16,"column":21}},"17":{"start":{"line":19,"column":8},"end":{"line":21,"column":11}},"18":{"start":{"line":20,"column":12},"end":{"line":20,"column":66}},"19":{"start":{"line":24,"column":8},"end":{"line":26,"column":11}},"20":{"start":{"line":25,"column":12},"end":{"line":25,"column":60}},"21":{"start":{"line":29,"column":8},"end":{"line":31,"column":11}},"22":{"start":{"line":30,"column":12},"end":{"line":30,"column":60}},"23":{"start":{"line":34,"column":8},"end":{"line":36,"column":11}},"24":{"start":{"line":35,"column":12},"end":{"line":35,"column":70}},"25":{"start":{"line":39,"column":8},"end":{"line":41,"column":11}},"26":{"start":{"line":40,"column":12},"end":{"line":40,"column":57}},"27":{"start":{"line":45,"column":0},"end":{"line":45,"column":39}}},"fnMap":{"0":{"name":"(anonymous_0)","decl":{"start":{"line":2,"column":44},"end":{"line":2,"column":45}},"loc":{"start":{"line":2,"column":89},"end":{"line":10,"column":1}},"line":2},"1":{"name":"adopt","decl":{"start":{"line":3,"column":13},"end":{"line":3,"column":18}},"loc":{"start":{"line":3,"column":26},"end":{"line":3,"column":112}},"line":3},"2":{"name":"(anonymous_2)","decl":{"start":{"line":3,"column":70},"end":{"line":3,"column":71}},"loc":{"start":{"line":3,"column":89},"end":{"line":3,"column":108}},"line":3},"3":{"name":"(anonymous_3)","decl":{"start":{"line":4,"column":36},"end":{"line":4,"column":37}},"loc":{"start":{"line":4,"column":63},"end":{"line":9,"column":5}},"line":4},"4":{"name":"fulfilled","decl":{"start":{"line":5,"column":17},"end":{"line":5,"column":26}},"loc":{"start":{"line":5,"column":34},"end":{"line":5,"column":99}},"line":5},"5":{"name":"rejected","decl":{"start":{"line":6,"column":17},"end":{"line":6,"column":25}},"loc":{"start":{"line":6,"column":33},"end":{"line":6,"column":102}},"line":6},"6":{"name":"step","decl":{"start":{"line":7,"column":17},"end":{"line":7,"column":21}},"loc":{"start":{"line":7,"column":30},"end":{"line":7,"column":118}},"line":7},"7":{"name":"(anonymous_7)","decl":{"start":{"line":11,"column":56},"end":{"line":11,"column":57}},"loc":{"start":{"line":11,"column":71},"end":{"line":13,"column":1}},"line":11},"8":{"name":"(anonymous_8)","decl":{"start":{"line":18,"column":4},"end":{"line":18,"column":5}},"loc":{"start":{"line":18,"column":11},"end":{"line":22,"column":5}},"line":18},"9":{"name":"(anonymous_9)","decl":{"start":{"line":19,"column":47},"end":{"line":19,"column":48}},"loc":{"start":{"line":19,"column":60},"end":{"line":21,"column":9}},"line":19},"10":{"name":"(anonymous_10)","decl":{"start":{"line":23,"column":4},"end":{"line":23,"column":5}},"loc":{"start":{"line":23,"column":19},"end":{"line":27,"column":5}},"line":23},"11":{"name":"(anonymous_11)","decl":{"start":{"line":24,"column":47},"end":{"line":24,"column":48}},"loc":{"start":{"line":24,"column":60},"end":{"line":26,"column":9}},"line":24},"12":{"name":"(anonymous_12)","decl":{"start":{"line":28,"column":4},"end":{"line":28,"column":5}},"loc":{"start":{"line":28,"column":17},"end":{"line":32,"column":5}},"line":28},"13":{"name":"(anonymous_13)","decl":{"start":{"line":29,"column":47},"end":{"line":29,"column":48}},"loc":{"start":{"line":29,"column":60},"end":{"line":31,"column":9}},"line":29},"14":{"name":"(anonymous_14)","decl":{"start":{"line":33,"column":4},"end":{"line":33,"column":5}},"loc":{"start":{"line":33,"column":33},"end":{"line":37,"column":5}},"line":33},"15":{"name":"(anonymous_15)","decl":{"start":{"line":34,"column":47},"end":{"line":34,"column":48}},"loc":{"start":{"line":34,"column":60},"end":{"line":36,"column":9}},"line":34},"16":{"name":"(anonymous_16)","decl":{"start":{"line":38,"column":4},"end":{"line":38,"column":5}},"loc":{"start":{"line":38,"column":20},"end":{"line":42,"column":5}},"line":38},"17":{"name":"(anonymous_17)","decl":{"start":{"line":39,"column":47},"end":{"line":39,"column":48}},"loc":{"start":{"line":39,"column":60},"end":{"line":41,"column":9}},"line":39}},"branchMap":{"0":{"loc":{"start":{"line":2,"column":16},"end":{"line":10,"column":1}},"type":"binary-expr","locations":[{"start":{"line":2,"column":17},"end":{"line":2,"column":21}},{"start":{"line":2,"column":25},"end":{"line":2,"column":39}},{"start":{"line":2,"column":44},"end":{"line":10,"column":1}}],"line":2},"1":{"loc":{"start":{"line":3,"column":35},"end":{"line":3,"column":109}},"type":"cond-expr","locations":[{"start":{"line":3,"column":56},"end":{"line":3,"column":61}},{"start":{"line":3,"column":64},"end":{"line":3,"column":109}}],"line":3},"2":{"loc":{"start":{"line":4,"column":16},"end":{"line":4,"column":34}},"type":"binary-expr","locations":[{"start":{"line":4,"column":16},"end":{"line":4,"column":17}},{"start":{"line":4,"column":22},"end":{"line":4,"column":33}}],"line":4},"3":{"loc":{"start":{"line":7,"column":32},"end":{"line":7,"column":115}},"type":"cond-expr","locations":[{"start":{"line":7,"column":46},"end":{"line":7,"column":67}},{"start":{"line":7,"column":70},"end":{"line":7,"column":115}}],"line":7},"4":{"loc":{"start":{"line":8,"column":51},"end":{"line":8,"column":67}},"type":"binary-expr","locations":[{"start":{"line":8,"column":51},"end":{"line":8,"column":61}},{"start":{"line":8,"column":65},"end":{"line":8,"column":67}}],"line":8},"5":{"loc":{"start":{"line":11,"column":22},"end":{"line":13,"column":1}},"type":"binary-expr","locations":[{"start":{"line":11,"column":23},"end":{"line":11,"column":27}},{"start":{"line":11,"column":31},"end":{"line":11,"column":51}},{"start":{"line":11,"column":56},"end":{"line":13,"column":1}}],"line":11},"6":{"loc":{"start":{"line":12,"column":11},"end":{"line":12,"column":61}},"type":"cond-expr","locations":[{"start":{"line":12,"column":37},"end":{"line":12,"column":40}},{"start":{"line":12,"column":43},"end":{"line":12,"column":61}}],"line":12},"7":{"loc":{"start":{"line":12,"column":12},"end":{"line":12,"column":33}},"type":"binary-expr","locations":[{"start":{"line":12,"column":12},"end":{"line":12,"column":15}},{"start":{"line":12,"column":19},"end":{"line":12,"column":33}}],"line":12}},"s":{"0":1,"1":0,"2":0,"3":4,"4":0,"5":0,"6":0,"7":0,"8":0,"9":0,"10":4,"11":4,"12":1,"13":1,"14":1,"15":1,"16":1,"17":1,"18":1,"19":0,"20":0,"21":1,"22":1,"23":1,"24":1,"25":1,"26":1,"27":1},"f":{"0":4,"1":0,"2":0,"3":4,"4":0,"5":0,"6":4,"7":1,"8":1,"9":1,"10":0,"11":0,"12":1,"13":1,"14":1,"15":1,"16":1,"17":1},"b":{"0":[1,1,1],"1":[0,0],"2":[4,4],"3":[4,0],"4":[4,4],"5":[1,1,1],"6":[1,0],"7":[1,1]},"inputSourceMap":{"version":3,"file":"D:/work/weatherBitClient/src/service/weather.service.ts","sources":["D:/work/weatherBitClient/src/service/weather.service.ts"],"names":[],"mappings":";;;;;;;;;;;;;;AACA,qEAA4C;AAC5C,oBAAoB,CAAC;AAGrB,MAAM,cAAc;IAEV,IAAI;;YACN,OAAO,qBAAU,CAAC,sBAAsB,EAAE,CAAC;QAC/C,CAAC;KAAA;IAEK,MAAM,CAAC,MAAe;;YACxB,OAAO,qBAAU,CAAC,UAAU,CAAC,MAAM,CAAC,CAAC;QACzC,CAAC;KAAA;IACK,IAAI,CAAC,MAAc;;YACrB,OAAO,qBAAU,CAAC,UAAU,CAAC,MAAM,CAAC,CAAA;QACxC,CAAC;KAAA;IAEK,oBAAoB,CAAC,MAAc;;YACrC,OAAO,qBAAU,CAAC,oBAAoB,CAAC,MAAM,CAAC,CAAA;QAClD,CAAC;KAAA;IACK,aAAa;;YACf,OAAO,qBAAU,CAAC,aAAa,EAAE,CAAA;QACrC,CAAC;KAAA;CACJ;AAAA,CAAC;AAEF,kBAAe,IAAI,cAAc,EAAE,CAAC","sourcesContent":["import { CRUD } from \"../interfaces/crud.interface\";\r\nimport weatherDao from \"../dao/weather.dao\"; import { Weather } from \"../dto/dto\";\r\n'../dao/weather.dao';\r\n\r\n\r\nclass WeatherService implements CRUD {\r\n\r\n    async list() {\r\n        return weatherDao.getWeatherForAllCities();\r\n    }\r\n\r\n    async create(weathr: Weather): Promise<any> {\r\n        return weatherDao.addWeather(weathr);\r\n    }\r\n    async find(cityId: number): Promise<any> {\r\n        return weatherDao.getWeather(cityId)\r\n    }\r\n\r\n    async getAllWeatherForCity(cityId: number): Promise<any[]> {\r\n        return weatherDao.getAllWeatherForCity(cityId)\r\n    }\r\n    async getAllWeather(): Promise<any[]> {\r\n        return weatherDao.getAllWeather()\r\n    }\r\n};\r\n\r\nexport default new WeatherService();"]},"_coverageSchema":"1a1c01bbd47fc00a2c39e90264f33305004495a9","hash":"91cad7f3c5bd0b24af55e5686e4c3705291d5066"},"D:\\work\\weatherBitClient\\src\\dao\\weather.dao.ts":{"path":"D:\\work\\weatherBitClient\\src\\dao\\weather.dao.ts","statementMap":{"0":{"start":{"line":2,"column":16},"end":{"line":10,"column":1}},"1":{"start":{"line":3,"column":28},"end":{"line":3,"column":110}},"2":{"start":{"line":3,"column":91},"end":{"line":3,"column":106}},"3":{"start":{"line":4,"column":4},"end":{"line":9,"column":7}},"4":{"start":{"line":5,"column":36},"end":{"line":5,"column":97}},"5":{"start":{"line":5,"column":42},"end":{"line":5,"column":70}},"6":{"start":{"line":5,"column":85},"end":{"line":5,"column":95}},"7":{"start":{"line":6,"column":35},"end":{"line":6,"column":100}},"8":{"start":{"line":6,"column":41},"end":{"line":6,"column":73}},"9":{"start":{"line":6,"column":88},"end":{"line":6,"column":98}},"10":{"start":{"line":7,"column":32},"end":{"line":7,"column":116}},"11":{"start":{"line":8,"column":8},"end":{"line":8,"column":78}},"12":{"start":{"line":11,"column":22},"end":{"line":13,"column":1}},"13":{"start":{"line":12,"column":4},"end":{"line":12,"column":62}},"14":{"start":{"line":14,"column":0},"end":{"line":14,"column":62}},"15":{"start":{"line":15,"column":19},"end":{"line":15,"column":38}},"16":{"start":{"line":16,"column":23},"end":{"line":16,"column":56}},"17":{"start":{"line":17,"column":26},"end":{"line":17,"column":62}},"18":{"start":{"line":18,"column":29},"end":{"line":18,"column":88}},"19":{"start":{"line":24,"column":8},"end":{"line":28,"column":11}},"20":{"start":{"line":31,"column":8},"end":{"line":33,"column":11}},"21":{"start":{"line":32,"column":12},"end":{"line":32,"column":79}},"22":{"start":{"line":36,"column":8},"end":{"line":41,"column":11}},"23":{"start":{"line":37,"column":32},"end":{"line":39,"column":34}},"24":{"start":{"line":40,"column":12},"end":{"line":40,"column":31}},"25":{"start":{"line":44,"column":8},"end":{"line":49,"column":11}},"26":{"start":{"line":45,"column":32},"end":{"line":47,"column":29}},"27":{"start":{"line":48,"column":12},"end":{"line":48,"column":31}},"28":{"start":{"line":52,"column":8},"end":{"line":56,"column":11}},"29":{"start":{"line":53,"column":32},"end":{"line":54,"column":29}},"30":{"start":{"line":55,"column":12},"end":{"line":55,"column":31}},"31":{"start":{"line":59,"column":8},"end":{"line":66,"column":11}},"32":{"start":{"line":60,"column":12},"end":{"line":65,"column":13}},"33":{"start":{"line":61,"column":16},"end":{"line":61,"column":82}},"34":{"start":{"line":64,"column":16},"end":{"line":64,"column":148}},"35":{"start":{"line":69,"column":0},"end":{"line":69,"column":35}}},"fnMap":{"0":{"name":"(anonymous_0)","decl":{"start":{"line":2,"column":44},"end":{"line":2,"column":45}},"loc":{"start":{"line":2,"column":89},"end":{"line":10,"column":1}},"line":2},"1":{"name":"adopt","decl":{"start":{"line":3,"column":13},"end":{"line":3,"column":18}},"loc":{"start":{"line":3,"column":26},"end":{"line":3,"column":112}},"line":3},"2":{"name":"(anonymous_2)","decl":{"start":{"line":3,"column":70},"end":{"line":3,"column":71}},"loc":{"start":{"line":3,"column":89},"end":{"line":3,"column":108}},"line":3},"3":{"name":"(anonymous_3)","decl":{"start":{"line":4,"column":36},"end":{"line":4,"column":37}},"loc":{"start":{"line":4,"column":63},"end":{"line":9,"column":5}},"line":4},"4":{"name":"fulfilled","decl":{"start":{"line":5,"column":17},"end":{"line":5,"column":26}},"loc":{"start":{"line":5,"column":34},"end":{"line":5,"column":99}},"line":5},"5":{"name":"rejected","decl":{"start":{"line":6,"column":17},"end":{"line":6,"column":25}},"loc":{"start":{"line":6,"column":33},"end":{"line":6,"column":102}},"line":6},"6":{"name":"step","decl":{"start":{"line":7,"column":17},"end":{"line":7,"column":21}},"loc":{"start":{"line":7,"column":30},"end":{"line":7,"column":118}},"line":7},"7":{"name":"(anonymous_7)","decl":{"start":{"line":11,"column":56},"end":{"line":11,"column":57}},"loc":{"start":{"line":11,"column":71},"end":{"line":13,"column":1}},"line":11},"8":{"name":"(anonymous_8)","decl":{"start":{"line":23,"column":4},"end":{"line":23,"column":5}},"loc":{"start":{"line":23,"column":18},"end":{"line":29,"column":5}},"line":23},"9":{"name":"(anonymous_9)","decl":{"start":{"line":30,"column":4},"end":{"line":30,"column":5}},"loc":{"start":{"line":30,"column":24},"end":{"line":34,"column":5}},"line":30},"10":{"name":"(anonymous_10)","decl":{"start":{"line":31,"column":47},"end":{"line":31,"column":48}},"loc":{"start":{"line":31,"column":60},"end":{"line":33,"column":9}},"line":31},"11":{"name":"(anonymous_11)","decl":{"start":{"line":35,"column":4},"end":{"line":35,"column":5}},"loc":{"start":{"line":35,"column":23},"end":{"line":42,"column":5}},"line":35},"12":{"name":"(anonymous_12)","decl":{"start":{"line":36,"column":47},"end":{"line":36,"column":48}},"loc":{"start":{"line":36,"column":60},"end":{"line":41,"column":9}},"line":36},"13":{"name":"(anonymous_13)","decl":{"start":{"line":43,"column":4},"end":{"line":43,"column":5}},"loc":{"start":{"line":43,"column":33},"end":{"line":50,"column":5}},"line":43},"14":{"name":"(anonymous_14)","decl":{"start":{"line":44,"column":47},"end":{"line":44,"column":48}},"loc":{"start":{"line":44,"column":60},"end":{"line":49,"column":9}},"line":44},"15":{"name":"(anonymous_15)","decl":{"start":{"line":51,"column":4},"end":{"line":51,"column":5}},"loc":{"start":{"line":51,"column":20},"end":{"line":57,"column":5}},"line":51},"16":{"name":"(anonymous_16)","decl":{"start":{"line":52,"column":47},"end":{"line":52,"column":48}},"loc":{"start":{"line":52,"column":60},"end":{"line":56,"column":9}},"line":52},"17":{"name":"(anonymous_17)","decl":{"start":{"line":58,"column":4},"end":{"line":58,"column":5}},"loc":{"start":{"line":58,"column":29},"end":{"line":67,"column":5}},"line":58},"18":{"name":"(anonymous_18)","decl":{"start":{"line":59,"column":47},"end":{"line":59,"column":48}},"loc":{"start":{"line":59,"column":60},"end":{"line":66,"column":9}},"line":59}},"branchMap":{"0":{"loc":{"start":{"line":2,"column":16},"end":{"line":10,"column":1}},"type":"binary-expr","locations":[{"start":{"line":2,"column":17},"end":{"line":2,"column":21}},{"start":{"line":2,"column":25},"end":{"line":2,"column":39}},{"start":{"line":2,"column":44},"end":{"line":10,"column":1}}],"line":2},"1":{"loc":{"start":{"line":3,"column":35},"end":{"line":3,"column":109}},"type":"cond-expr","locations":[{"start":{"line":3,"column":56},"end":{"line":3,"column":61}},{"start":{"line":3,"column":64},"end":{"line":3,"column":109}}],"line":3},"2":{"loc":{"start":{"line":4,"column":16},"end":{"line":4,"column":34}},"type":"binary-expr","locations":[{"start":{"line":4,"column":16},"end":{"line":4,"column":17}},{"start":{"line":4,"column":22},"end":{"line":4,"column":33}}],"line":4},"3":{"loc":{"start":{"line":7,"column":32},"end":{"line":7,"column":115}},"type":"cond-expr","locations":[{"start":{"line":7,"column":46},"end":{"line":7,"column":67}},{"start":{"line":7,"column":70},"end":{"line":7,"column":115}}],"line":7},"4":{"loc":{"start":{"line":8,"column":51},"end":{"line":8,"column":67}},"type":"binary-expr","locations":[{"start":{"line":8,"column":51},"end":{"line":8,"column":61}},{"start":{"line":8,"column":65},"end":{"line":8,"column":67}}],"line":8},"5":{"loc":{"start":{"line":11,"column":22},"end":{"line":13,"column":1}},"type":"binary-expr","locations":[{"start":{"line":11,"column":23},"end":{"line":11,"column":27}},{"start":{"line":11,"column":31},"end":{"line":11,"column":51}},{"start":{"line":11,"column":56},"end":{"line":13,"column":1}}],"line":11},"6":{"loc":{"start":{"line":12,"column":11},"end":{"line":12,"column":61}},"type":"cond-expr","locations":[{"start":{"line":12,"column":37},"end":{"line":12,"column":40}},{"start":{"line":12,"column":43},"end":{"line":12,"column":61}}],"line":12},"7":{"loc":{"start":{"line":12,"column":12},"end":{"line":12,"column":33}},"type":"binary-expr","locations":[{"start":{"line":12,"column":12},"end":{"line":12,"column":15}},{"start":{"line":12,"column":19},"end":{"line":12,"column":33}}],"line":12}},"s":{"0":1,"1":4,"2":0,"3":4,"4":4,"5":4,"6":0,"7":0,"8":0,"9":0,"10":8,"11":4,"12":1,"13":1,"14":1,"15":1,"16":1,"17":1,"18":1,"19":1,"20":0,"21":0,"22":1,"23":1,"24":1,"25":1,"26":1,"27":1,"28":1,"29":1,"30":1,"31":1,"32":1,"33":1,"34":0,"35":1},"f":{"0":4,"1":4,"2":0,"3":4,"4":4,"5":0,"6":8,"7":1,"8":1,"9":0,"10":0,"11":1,"12":1,"13":1,"14":1,"15":1,"16":1,"17":1,"18":1},"b":{"0":[1,1,1],"1":[4,0],"2":[4,4],"3":[4,4],"4":[4,4],"5":[1,1,1],"6":[1,0],"7":[1,1]},"inputSourceMap":{"version":3,"file":"D:/work/weatherBitClient/src/dao/weather.dao.ts","sources":["D:/work/weatherBitClient/src/dao/weather.dao.ts"],"names":[],"mappings":";;;;;;;;;;;;;;AAEA,uCAAiD;AACjD,yDAAsD;AACtD,+DAAuD;AACvD,yFAAgE;AAIhE,MAAM,aAAc,SAAQ,iBAAM;CAAI;AAAA,CAAC;AAEvC,MAAM,UAAU;IAAhB;QAEI,WAAM,GAAG,IAAI,iBAAM,CAAC,aAAa,EAAE;YAC/B,MAAM,EAAE,EAAE,IAAI,EAAE,QAAQ,EAAE;YAC1B,WAAW,EAAE,EAAE,IAAI,EAAE,QAAQ,EAAE;YAC/B,IAAI,EAAE,EAAE,IAAI,EAAE,MAAM,EAAE,QAAQ,EAAE,IAAI,EAAE;SACzC,CAAC,CAAC;IAsCP,CAAC;IAlCgB,UAAU,CAAC,OAAgB;;YACpC,OAAO,CAAC,MAAM,4BAAiB,CAAC,CAAC,aAAa,CAAC,OAAO,CAAC,CAAC;QAC5D,CAAC;KAAA;IACY,UAAU,CAAC,MAAc;;YAElC,MAAM,WAAW,GAAG,CAAC,MAAM,4BAAiB,CAAC,CAAC,MAAM,EAAE;iBACjD,KAAK,CAAC,QAAQ,CAAC,CAAC,EAAE,CAAC,MAAM,CAAC;iBAC1B,SAAS,CAAC,MAAM,CAAC,CAAC;YACvB,OAAO,WAAW,CAAC;QACvB,CAAC;KAAA;IACY,oBAAoB,CAAC,MAAc;;YAE5C,MAAM,WAAW,GAAG,CAAC,MAAM,4BAAiB,CAAC,CAAC,MAAM,EAAE;iBACjD,KAAK,CAAC,QAAQ,CAAC,CAAC,EAAE,CAAC,MAAM,CAAC;iBAC1B,MAAM,CAAC,GAAG,EAAE,CAAC;YAClB,OAAO,WAAW,CAAC;QACvB,CAAC;KAAA;IACY,aAAa;;YAEtB,MAAM,WAAW,GAAG,CAAC,MAAM,4BAAiB,CAAC,CAAC,MAAM,EAAE;iBACjD,MAAM,CAAC,GAAG,EAAE,CAAC;YAClB,OAAO,WAAW,CAAC;QACvB,CAAC;KAAA;IACY,sBAAsB;;YAC/B,IAAI;gBACA,OAAO,CAAC,MAAM,4BAAiB,CAAC,CAAC,MAAM,EAAE,CAAC,MAAM,CAAC,GAAG,EAAE,CAAA;aACzD;YAAC,OAAO,GAAG,EAAE;gBACV,MAAM,IAAI,2BAAY,CAAC,2CAA2C,EAAE,4BAAU,CAAC,kBAAkB,CAAC,CAAC;aACtG;QACL,CAAC;KAAA;CAKJ;AAED,kBAAe,IAAI,UAAU,EAAE,CAAC","sourcesContent":["\r\nimport { Weather } from '../dto/dto';\r\nimport { Entity, Schema, Client } from 'redis-om'\r\nimport { WeatherError } from '../errors/weatherError';\r\nimport { errorCodes } from '../errors/errorStatusCode';\r\nimport weatherRepository from './repository/weather.repository';\r\n\r\n\r\n\r\nclass WeatherEntity extends Entity { };\r\n\r\nclass WeatherDao {\r\n\r\n    schema = new Schema(WeatherEntity, {\r\n        cityId: { type: 'number' },\r\n        temperature: { type: 'number' },\r\n        date: { type: 'date', sortable: true }\r\n    });\r\n\r\n\r\n\r\n    public async addWeather(weather: Weather) {\r\n        return (await weatherRepository).createAndSave(weather);\r\n    }\r\n    public async getWeather(cityId: number) {\r\n\r\n        const weatherData = (await weatherRepository).search()\r\n            .where('cityId').eq(cityId)\r\n            .returnMax('date');\r\n        return weatherData;\r\n    }\r\n    public async getAllWeatherForCity(cityId: number) {\r\n\r\n        const weatherData = (await weatherRepository).search()\r\n            .where('cityId').eq(cityId)\r\n            .return.all();\r\n        return weatherData;\r\n    }\r\n    public async getAllWeather() {\r\n\r\n        const weatherData = (await weatherRepository).search()\r\n            .return.all();\r\n        return weatherData;\r\n    }\r\n    public async getWeatherForAllCities() {\r\n        try {\r\n            return (await weatherRepository).search().return.all()\r\n        } catch (err) {\r\n            throw new WeatherError(`Error getting all weather data from REDIS`, errorCodes.REDIS_SEARCH_ERROR);\r\n        }\r\n    }\r\n\r\n\r\n\r\n\r\n}\r\n\r\nexport default new WeatherDao();"]},"_coverageSchema":"1a1c01bbd47fc00a2c39e90264f33305004495a9","hash":"d9d486194869c00867cd22ae87f9fa02e943c05f"},"D:\\work\\weatherBitClient\\src\\errors\\weatherError.ts":{"path":"D:\\work\\weatherBitClient\\src\\errors\\weatherError.ts","statementMap":{"0":{"start":{"line":2,"column":0},"end":{"line":2,"column":62}},"1":{"start":{"line":3,"column":0},"end":{"line":3,"column":30}},"2":{"start":{"line":4,"column":26},"end":{"line":4,"column":54}},"3":{"start":{"line":5,"column":22},"end":{"line":5,"column":29}},"4":{"start":{"line":8,"column":8},"end":{"line":8,"column":23}},"5":{"start":{"line":9,"column":8},"end":{"line":9,"column":30}},"6":{"start":{"line":10,"column":8},"end":{"line":10,"column":50}},"7":{"start":{"line":11,"column":8},"end":{"line":12,"column":37}},"8":{"start":{"line":12,"column":12},"end":{"line":12,"column":37}},"9":{"start":{"line":13,"column":8},"end":{"line":33,"column":9}},"10":{"start":{"line":15,"column":16},"end":{"line":15,"column":98}},"11":{"start":{"line":16,"column":16},"end":{"line":16,"column":22}},"12":{"start":{"line":19,"column":16},"end":{"line":19,"column":99}},"13":{"start":{"line":20,"column":16},"end":{"line":20,"column":22}},"14":{"start":{"line":23,"column":16},"end":{"line":23,"column":93}},"15":{"start":{"line":24,"column":16},"end":{"line":24,"column":22}},"16":{"start":{"line":27,"column":16},"end":{"line":27,"column":89}},"17":{"start":{"line":28,"column":16},"end":{"line":28,"column":22}},"18":{"start":{"line":31,"column":16},"end":{"line":31,"column":80}},"19":{"start":{"line":36,"column":8},"end":{"line":36,"column":54}},"20":{"start":{"line":39,"column":0},"end":{"line":39,"column":36}}},"fnMap":{"0":{"name":"(anonymous_0)","decl":{"start":{"line":7,"column":4},"end":{"line":7,"column":5}},"loc":{"start":{"line":7,"column":33},"end":{"line":34,"column":5}},"line":7},"1":{"name":"(anonymous_1)","decl":{"start":{"line":35,"column":4},"end":{"line":35,"column":5}},"loc":{"start":{"line":35,"column":22},"end":{"line":37,"column":5}},"line":35}},"branchMap":{"0":{"loc":{"start":{"line":11,"column":8},"end":{"line":12,"column":37}},"type":"if","locations":[{"start":{"line":11,"column":8},"end":{"line":12,"column":37}},{"start":{"line":11,"column":8},"end":{"line":12,"column":37}}],"line":11},"1":{"loc":{"start":{"line":13,"column":8},"end":{"line":33,"column":9}},"type":"switch","locations":[{"start":{"line":14,"column":12},"end":{"line":17,"column":13}},{"start":{"line":18,"column":12},"end":{"line":21,"column":13}},{"start":{"line":22,"column":12},"end":{"line":25,"column":13}},{"start":{"line":26,"column":12},"end":{"line":29,"column":13}},{"start":{"line":30,"column":12},"end":{"line":32,"column":13}}],"line":13}},"s":{"0":1,"1":1,"2":1,"3":1,"4":0,"5":0,"6":0,"7":0,"8":0,"9":0,"10":0,"11":0,"12":0,"13":0,"14":0,"15":0,"16":0,"17":0,"18":0,"19":0,"20":1},"f":{"0":0,"1":0},"b":{"0":[0,0],"1":[0,0,0,0,0]},"inputSourceMap":{"version":3,"file":"D:/work/weatherBitClient/src/errors/weatherError.ts","sources":["D:/work/weatherBitClient/src/errors/weatherError.ts"],"names":[],"mappings":";;;AAAA,uDAA+C;AAG/C,MAAM,aAAa,GAAG,OAAO,CAAC;AAE9B,MAAa,YAAa,SAAQ,KAAK;IAEnC,YAAY,OAAe,EAAE,MAAe;QACxC,KAAK,CAAC,OAAO,CAAC,CAAC;QAFnB,eAAU,GAAG,GAAG,CAAC;QAGb,MAAM,CAAC,cAAc,CAAC,IAAI,EAAE,YAAY,CAAC,CAAC;QAC1C,IAAI,OAAO,MAAM,KAAK,WAAW;YAAE,IAAI,CAAC,UAAU,GAAG,MAAM,CAAC;QAE5D,QAAQ,MAAM,EAAE;YACZ,KAAK,4BAAU,CAAC,sBAAsB,CAAC,CAAC;gBACpC,aAAa,CAAC,KAAK,CAAC,GAAG,IAAI,IAAI,EAAE,sCAAsC,EAAE,OAAO,CAAC,CAAC;gBAClF,MAAM;aACT;YACD,KAAK,4BAAU,CAAC,8BAA8B,CAAC,CAAC;gBAC5C,aAAa,CAAC,KAAK,CAAC,GAAG,IAAI,IAAI,EAAE,uCAAuC,EAAE,OAAO,CAAC,CAAC;gBACnF,MAAM;aACT;YACD,KAAK,4BAAU,CAAC,kBAAkB,CAAC,CAAC;gBAChC,aAAa,CAAC,KAAK,CAAC,GAAG,IAAI,IAAI,EAAE,iCAAiC,EAAE,OAAO,CAAC,CAAC;gBAC7E,MAAM;aACT;YACD,KAAK,4BAAU,CAAC,WAAW,CAAC,CAAC;gBACzB,aAAa,CAAC,KAAK,CAAC,GAAG,IAAI,IAAI,EAAE,6BAA6B,EAAE,OAAO,CAAC,CAAC;gBACzE,MAAM;aACT;YACD,OAAO,CAAC,CAAC;gBACL,aAAa,CAAC,KAAK,CAAC,GAAG,IAAI,IAAI,EAAE,oBAAoB,EAAE,OAAO,CAAC,CAAC;aACnE;SAGJ;IAEL,CAAC;IAED,eAAe;QACX,OAAO,wBAAwB,IAAI,CAAC,OAAO,EAAE,CAAC;IAClD,CAAC;CAEJ;AArCD,oCAqCC","sourcesContent":["import { errorCodes } from './errorStatusCode';\r\n\r\n\r\nconst weatherLogger = console;\r\n\r\nexport class WeatherError extends Error {\r\n    statusCode = 200;\r\n    constructor(message: string, status?: number) {\r\n        super(message);\r\n        Object.setPrototypeOf(this, WeatherError);\r\n        if (typeof status !== \"undefined\") this.statusCode = status;\r\n\r\n        switch (status) {\r\n            case errorCodes.REDIS_CONNECTION_ERROR: {\r\n                weatherLogger.error(`${new Date()} Error connecting to REDIS database:`, message);\r\n                break;\r\n            }\r\n            case errorCodes.WEATHERBIT_COMMUNICATION_ERROR: {\r\n                weatherLogger.error(`${new Date()} Error getting data from weatherbits:`, message);\r\n                break;\r\n            }\r\n            case errorCodes.REDIS_SEARCH_ERROR: {\r\n                weatherLogger.error(`${new Date()} Could not get data from REDIS:`, message);\r\n                break;\r\n            }\r\n            case errorCodes.OTHER_ERROR: {\r\n                weatherLogger.error(`${new Date()} Another application error:`, message);\r\n                break;\r\n            }\r\n            default: {\r\n                weatherLogger.error(`${new Date()} Unexpected error:`, message);\r\n            }\r\n\r\n\r\n        }\r\n\r\n    }\r\n\r\n    getErrorMessage(): string {\r\n        return `Something went wrong ${this.message}`;\r\n    }\r\n\r\n}"]},"_coverageSchema":"1a1c01bbd47fc00a2c39e90264f33305004495a9","hash":"d2ac24c17cc811f6596686544f8cd6b48cff2bc8"},"D:\\work\\weatherBitClient\\src\\errors\\errorStatusCode.ts":{"path":"D:\\work\\weatherBitClient\\src\\errors\\errorStatusCode.ts","statementMap":{"0":{"start":{"line":2,"column":0},"end":{"line":2,"column":62}},"1":{"start":{"line":3,"column":0},"end":{"line":3,"column":28}},"2":{"start":{"line":4,"column":0},"end":{"line":10,"column":2}}},"fnMap":{},"branchMap":{},"s":{"0":1,"1":1,"2":1},"f":{},"b":{},"inputSourceMap":{"version":3,"file":"D:/work/weatherBitClient/src/errors/errorStatusCode.ts","sources":["D:/work/weatherBitClient/src/errors/errorStatusCode.ts"],"names":[],"mappings":";;;AAAa,QAAA,UAAU,GAAG;IACtB,8BAA8B,EAAE,GAAG;IACnC,sBAAsB,EAAE,GAAG;IAC3B,kBAAkB,EAAE,GAAG;IACvB,gBAAgB,EAAE,GAAG;IACrB,WAAW,EAAE,GAAG;CACnB,CAAA","sourcesContent":["export const errorCodes = {\r\n    WEATHERBIT_COMMUNICATION_ERROR: 701,\r\n    REDIS_CONNECTION_ERROR: 702,\r\n    REDIS_SEARCH_ERROR: 703,\r\n    VALIDATION_ERROR: 704,\r\n    OTHER_ERROR: 709\r\n}"]},"_coverageSchema":"1a1c01bbd47fc00a2c39e90264f33305004495a9","hash":"bcfbf3a4f1d7026164bffd60cee181413eaf29a9"},"D:\\work\\weatherBitClient\\src\\dao\\repository\\weather.repository.ts":{"path":"D:\\work\\weatherBitClient\\src\\dao\\repository\\weather.repository.ts","statementMap":{"0":{"start":{"line":2,"column":16},"end":{"line":10,"column":1}},"1":{"start":{"line":3,"column":28},"end":{"line":3,"column":110}},"2":{"start":{"line":3,"column":91},"end":{"line":3,"column":106}},"3":{"start":{"line":4,"column":4},"end":{"line":9,"column":7}},"4":{"start":{"line":5,"column":36},"end":{"line":5,"column":97}},"5":{"start":{"line":5,"column":42},"end":{"line":5,"column":70}},"6":{"start":{"line":5,"column":85},"end":{"line":5,"column":95}},"7":{"start":{"line":6,"column":35},"end":{"line":6,"column":100}},"8":{"start":{"line":6,"column":41},"end":{"line":6,"column":73}},"9":{"start":{"line":6,"column":88},"end":{"line":6,"column":98}},"10":{"start":{"line":7,"column":32},"end":{"line":7,"column":116}},"11":{"start":{"line":8,"column":8},"end":{"line":8,"column":78}},"12":{"start":{"line":11,"column":22},"end":{"line":13,"column":1}},"13":{"start":{"line":12,"column":4},"end":{"line":12,"column":62}},"14":{"start":{"line":14,"column":0},"end":{"line":14,"column":62}},"15":{"start":{"line":15,"column":19},"end":{"line":15,"column":38}},"16":{"start":{"line":16,"column":17},"end":{"line":16,"column":61}},"17":{"start":{"line":19,"column":15},"end":{"line":23,"column":2}},"18":{"start":{"line":24,"column":25},"end":{"line":31,"column":2}},"19":{"start":{"line":24,"column":31},"end":{"line":31,"column":2}},"20":{"start":{"line":25,"column":23},"end":{"line":25,"column":71}},"21":{"start":{"line":26,"column":4},"end":{"line":29,"column":19}},"22":{"start":{"line":27,"column":8},"end":{"line":27,"column":39}},"23":{"start":{"line":30,"column":4},"end":{"line":30,"column":22}},"24":{"start":{"line":32,"column":0},"end":{"line":32,"column":37}}},"fnMap":{"0":{"name":"(anonymous_0)","decl":{"start":{"line":2,"column":44},"end":{"line":2,"column":45}},"loc":{"start":{"line":2,"column":89},"end":{"line":10,"column":1}},"line":2},"1":{"name":"adopt","decl":{"start":{"line":3,"column":13},"end":{"line":3,"column":18}},"loc":{"start":{"line":3,"column":26},"end":{"line":3,"column":112}},"line":3},"2":{"name":"(anonymous_2)","decl":{"start":{"line":3,"column":70},"end":{"line":3,"column":71}},"loc":{"start":{"line":3,"column":89},"end":{"line":3,"column":108}},"line":3},"3":{"name":"(anonymous_3)","decl":{"start":{"line":4,"column":36},"end":{"line":4,"column":37}},"loc":{"start":{"line":4,"column":63},"end":{"line":9,"column":5}},"line":4},"4":{"name":"fulfilled","decl":{"start":{"line":5,"column":17},"end":{"line":5,"column":26}},"loc":{"start":{"line":5,"column":34},"end":{"line":5,"column":99}},"line":5},"5":{"name":"rejected","decl":{"start":{"line":6,"column":17},"end":{"line":6,"column":25}},"loc":{"start":{"line":6,"column":33},"end":{"line":6,"column":102}},"line":6},"6":{"name":"step","decl":{"start":{"line":7,"column":17},"end":{"line":7,"column":21}},"loc":{"start":{"line":7,"column":30},"end":{"line":7,"column":118}},"line":7},"7":{"name":"(anonymous_7)","decl":{"start":{"line":11,"column":56},"end":{"line":11,"column":57}},"loc":{"start":{"line":11,"column":71},"end":{"line":13,"column":1}},"line":11},"8":{"name":"(anonymous_8)","decl":{"start":{"line":24,"column":25},"end":{"line":24,"column":26}},"loc":{"start":{"line":24,"column":31},"end":{"line":31,"column":2}},"line":24},"9":{"name":"(anonymous_9)","decl":{"start":{"line":24,"column":65},"end":{"line":24,"column":66}},"loc":{"start":{"line":24,"column":78},"end":{"line":31,"column":1}},"line":24}},"branchMap":{"0":{"loc":{"start":{"line":2,"column":16},"end":{"line":10,"column":1}},"type":"binary-expr","locations":[{"start":{"line":2,"column":17},"end":{"line":2,"column":21}},{"start":{"line":2,"column":25},"end":{"line":2,"column":39}},{"start":{"line":2,"column":44},"end":{"line":10,"column":1}}],"line":2},"1":{"loc":{"start":{"line":3,"column":35},"end":{"line":3,"column":109}},"type":"cond-expr","locations":[{"start":{"line":3,"column":56},"end":{"line":3,"column":61}},{"start":{"line":3,"column":64},"end":{"line":3,"column":109}}],"line":3},"2":{"loc":{"start":{"line":4,"column":16},"end":{"line":4,"column":34}},"type":"binary-expr","locations":[{"start":{"line":4,"column":16},"end":{"line":4,"column":17}},{"start":{"line":4,"column":22},"end":{"line":4,"column":33}}],"line":4},"3":{"loc":{"start":{"line":7,"column":32},"end":{"line":7,"column":115}},"type":"cond-expr","locations":[{"start":{"line":7,"column":46},"end":{"line":7,"column":67}},{"start":{"line":7,"column":70},"end":{"line":7,"column":115}}],"line":7},"4":{"loc":{"start":{"line":8,"column":51},"end":{"line":8,"column":67}},"type":"binary-expr","locations":[{"start":{"line":8,"column":51},"end":{"line":8,"column":61}},{"start":{"line":8,"column":65},"end":{"line":8,"column":67}}],"line":8},"5":{"loc":{"start":{"line":11,"column":22},"end":{"line":13,"column":1}},"type":"binary-expr","locations":[{"start":{"line":11,"column":23},"end":{"line":11,"column":27}},{"start":{"line":11,"column":31},"end":{"line":11,"column":51}},{"start":{"line":11,"column":56},"end":{"line":13,"column":1}}],"line":11},"6":{"loc":{"start":{"line":12,"column":11},"end":{"line":12,"column":61}},"type":"cond-expr","locations":[{"start":{"line":12,"column":37},"end":{"line":12,"column":40}},{"start":{"line":12,"column":43},"end":{"line":12,"column":61}}],"line":12},"7":{"loc":{"start":{"line":12,"column":12},"end":{"line":12,"column":33}},"type":"binary-expr","locations":[{"start":{"line":12,"column":12},"end":{"line":12,"column":15}},{"start":{"line":12,"column":19},"end":{"line":12,"column":33}}],"line":12}},"s":{"0":1,"1":2,"2":0,"3":1,"4":2,"5":2,"6":0,"7":0,"8":0,"9":0,"10":3,"11":1,"12":1,"13":1,"14":1,"15":1,"16":1,"17":1,"18":1,"19":1,"20":1,"21":1,"22":1,"23":1,"24":1},"f":{"0":1,"1":2,"2":0,"3":1,"4":2,"5":0,"6":3,"7":1,"8":1,"9":1},"b":{"0":[1,1,1],"1":[2,0],"2":[1,1],"3":[1,2],"4":[1,1],"5":[1,1,1],"6":[1,0],"7":[1,1]},"inputSourceMap":{"version":3,"file":"D:/work/weatherBitClient/src/dao/repository/weather.repository.ts","sources":["D:/work/weatherBitClient/src/dao/repository/weather.repository.ts"],"names":[],"mappings":";;;;;;;;;;;;;;AAAA,uCAAyC;AACzC,8DAAqC;AAErC,MAAM,aAAc,SAAQ,iBAAM;CAAI;AAGtC,MAAM,MAAM,GAAG,IAAI,iBAAM,CAAC,aAAa,EAAE;IACrC,MAAM,EAAE,EAAE,IAAI,EAAE,QAAQ,EAAE;IAC1B,WAAW,EAAE,EAAE,IAAI,EAAE,QAAQ,EAAE;IAC/B,IAAI,EAAE,EAAE,IAAI,EAAE,MAAM,EAAE,QAAQ,EAAE,IAAI,EAAE;CACzC,CAAC,CAAC;AAKH,MAAM,gBAAgB,GAAG,GAAS,EAAE;IAEhC,MAAM,UAAU,GAAG,CAAC,MAAM,gBAAM,CAAC,CAAC,eAAe,CAAC,MAAM,CAAC,CAAA;IACzD,IAAI;QACA,MAAM,UAAU,CAAC,WAAW,EAAE,CAAC;KAClC;IAAC,OAAO,GAAG,EAAE,GAAG;IACjB,OAAO,UAAU,CAAC;AACtB,CAAC,CAAA,CAAA;AAED,kBAAe,gBAAgB,EAAE,CAAC","sourcesContent":["import { Entity, Schema } from 'redis-om'\r\nimport client from '../client/client'\r\n\r\nclass WeatherEntity extends Entity { }\r\n\r\n\r\nconst schema = new Schema(WeatherEntity, {\r\n    cityId: { type: 'number' },\r\n    temperature: { type: 'number' },\r\n    date: { type: 'date', sortable: true }\r\n});\r\n\r\n\r\n\r\n\r\nconst createRepository = async () => {\r\n\r\n    const repository = (await client).fetchRepository(schema)\r\n    try {\r\n        await repository.createIndex();\r\n    } catch (err) { }\r\n    return repository;\r\n}\r\n\r\nexport default createRepository();\r\n\r\n"]},"_coverageSchema":"1a1c01bbd47fc00a2c39e90264f33305004495a9","hash":"aae7f6c504f49a8e4296089a4d6a18ba47587fcd"},"D:\\work\\weatherBitClient\\src\\dao\\client\\client.ts":{"path":"D:\\work\\weatherBitClient\\src\\dao\\client\\client.ts","statementMap":{"0":{"start":{"line":2,"column":16},"end":{"line":10,"column":1}},"1":{"start":{"line":3,"column":28},"end":{"line":3,"column":110}},"2":{"start":{"line":3,"column":91},"end":{"line":3,"column":106}},"3":{"start":{"line":4,"column":4},"end":{"line":9,"column":7}},"4":{"start":{"line":5,"column":36},"end":{"line":5,"column":97}},"5":{"start":{"line":5,"column":42},"end":{"line":5,"column":70}},"6":{"start":{"line":5,"column":85},"end":{"line":5,"column":95}},"7":{"start":{"line":6,"column":35},"end":{"line":6,"column":100}},"8":{"start":{"line":6,"column":41},"end":{"line":6,"column":73}},"9":{"start":{"line":6,"column":88},"end":{"line":6,"column":98}},"10":{"start":{"line":7,"column":32},"end":{"line":7,"column":116}},"11":{"start":{"line":8,"column":8},"end":{"line":8,"column":78}},"12":{"start":{"line":11,"column":0},"end":{"line":11,"column":62}},"13":{"start":{"line":12,"column":19},"end":{"line":12,"column":38}},"14":{"start":{"line":13,"column":21},"end":{"line":13,"column":53}},"15":{"start":{"line":14,"column":21},"end":{"line":16,"column":2}},"16":{"start":{"line":14,"column":27},"end":{"line":16,"column":2}},"17":{"start":{"line":15,"column":4},"end":{"line":15,"column":133}},"18":{"start":{"line":17,"column":0},"end":{"line":17,"column":33}}},"fnMap":{"0":{"name":"(anonymous_0)","decl":{"start":{"line":2,"column":44},"end":{"line":2,"column":45}},"loc":{"start":{"line":2,"column":89},"end":{"line":10,"column":1}},"line":2},"1":{"name":"adopt","decl":{"start":{"line":3,"column":13},"end":{"line":3,"column":18}},"loc":{"start":{"line":3,"column":26},"end":{"line":3,"column":112}},"line":3},"2":{"name":"(anonymous_2)","decl":{"start":{"line":3,"column":70},"end":{"line":3,"column":71}},"loc":{"start":{"line":3,"column":89},"end":{"line":3,"column":108}},"line":3},"3":{"name":"(anonymous_3)","decl":{"start":{"line":4,"column":36},"end":{"line":4,"column":37}},"loc":{"start":{"line":4,"column":63},"end":{"line":9,"column":5}},"line":4},"4":{"name":"fulfilled","decl":{"start":{"line":5,"column":17},"end":{"line":5,"column":26}},"loc":{"start":{"line":5,"column":34},"end":{"line":5,"column":99}},"line":5},"5":{"name":"rejected","decl":{"start":{"line":6,"column":17},"end":{"line":6,"column":25}},"loc":{"start":{"line":6,"column":33},"end":{"line":6,"column":102}},"line":6},"6":{"name":"step","decl":{"start":{"line":7,"column":17},"end":{"line":7,"column":21}},"loc":{"start":{"line":7,"column":30},"end":{"line":7,"column":118}},"line":7},"7":{"name":"(anonymous_7)","decl":{"start":{"line":14,"column":21},"end":{"line":14,"column":22}},"loc":{"start":{"line":14,"column":27},"end":{"line":16,"column":2}},"line":14},"8":{"name":"(anonymous_8)","decl":{"start":{"line":14,"column":61},"end":{"line":14,"column":62}},"loc":{"start":{"line":14,"column":74},"end":{"line":16,"column":1}},"line":14}},"branchMap":{"0":{"loc":{"start":{"line":2,"column":16},"end":{"line":10,"column":1}},"type":"binary-expr","locations":[{"start":{"line":2,"column":17},"end":{"line":2,"column":21}},{"start":{"line":2,"column":25},"end":{"line":2,"column":39}},{"start":{"line":2,"column":44},"end":{"line":10,"column":1}}],"line":2},"1":{"loc":{"start":{"line":3,"column":35},"end":{"line":3,"column":109}},"type":"cond-expr","locations":[{"start":{"line":3,"column":56},"end":{"line":3,"column":61}},{"start":{"line":3,"column":64},"end":{"line":3,"column":109}}],"line":3},"2":{"loc":{"start":{"line":4,"column":16},"end":{"line":4,"column":34}},"type":"binary-expr","locations":[{"start":{"line":4,"column":16},"end":{"line":4,"column":17}},{"start":{"line":4,"column":22},"end":{"line":4,"column":33}}],"line":4},"3":{"loc":{"start":{"line":7,"column":32},"end":{"line":7,"column":115}},"type":"cond-expr","locations":[{"start":{"line":7,"column":46},"end":{"line":7,"column":67}},{"start":{"line":7,"column":70},"end":{"line":7,"column":115}}],"line":7},"4":{"loc":{"start":{"line":8,"column":51},"end":{"line":8,"column":67}},"type":"binary-expr","locations":[{"start":{"line":8,"column":51},"end":{"line":8,"column":61}},{"start":{"line":8,"column":65},"end":{"line":8,"column":67}}],"line":8}},"s":{"0":1,"1":1,"2":0,"3":1,"4":1,"5":1,"6":0,"7":0,"8":0,"9":0,"10":2,"11":1,"12":1,"13":1,"14":1,"15":1,"16":1,"17":1,"18":1},"f":{"0":1,"1":1,"2":0,"3":1,"4":1,"5":0,"6":2,"7":1,"8":1},"b":{"0":[1,1,1],"1":[1,0],"2":[1,1],"3":[1,1],"4":[1,1]},"inputSourceMap":{"version":3,"file":"D:/work/weatherBitClient/src/dao/client/client.ts","sources":["D:/work/weatherBitClient/src/dao/client/client.ts"],"names":[],"mappings":";;;;;;;;;;;AAAA,uCAAiC;AACjC,sDAAkD;AAGlD,MAAM,YAAY,GAAG,GAA0B,EAAE;IAE7C,OAAO,MAAM,IAAI,iBAAM,EAAE,CAAC,IAAI,CAAC,WAAW,uBAAU,CAAC,UAAU,IAAI,uBAAU,CAAC,UAAU,EAAE,CAAC,CAAC;AAChG,CAAC,CAAA,CAAA;AAED,kBAAe,YAAY,EAAE,CAAC","sourcesContent":["import { Client } from 'redis-om'\r\nimport { enviroment } from '../../util/enviroment'\r\n\r\n\r\nconst createClient = async (): Promise<Client> => {\r\n\r\n    return await new Client().open(`redis://${enviroment.REDIS_HOST}:${enviroment.REDIS_PORT}`);\r\n}\r\n\r\nexport default createClient();"]},"_coverageSchema":"1a1c01bbd47fc00a2c39e90264f33305004495a9","hash":"f9bf5f1f37fc95aacc3a7b613add421344cf54f1"},"D:\\work\\weatherBitClient\\src\\util\\enviroment.ts":{"path":"D:\\work\\weatherBitClient\\src\\util\\enviroment.ts","statementMap":{"0":{"start":{"line":2,"column":22},"end":{"line":4,"column":1}},"1":{"start":{"line":3,"column":4},"end":{"line":3,"column":62}},"2":{"start":{"line":5,"column":0},"end":{"line":5,"column":62}},"3":{"start":{"line":6,"column":0},"end":{"line":6,"column":28}},"4":{"start":{"line":7,"column":15},"end":{"line":7,"column":30}},"5":{"start":{"line":8,"column":17},"end":{"line":8,"column":51}},"6":{"start":{"line":9,"column":0},"end":{"line":9,"column":77}},"7":{"start":{"line":10,"column":0},"end":{"line":19,"column":2}}},"fnMap":{"0":{"name":"(anonymous_0)","decl":{"start":{"line":2,"column":56},"end":{"line":2,"column":57}},"loc":{"start":{"line":2,"column":71},"end":{"line":4,"column":1}},"line":2}},"branchMap":{"0":{"loc":{"start":{"line":2,"column":22},"end":{"line":4,"column":1}},"type":"binary-expr","locations":[{"start":{"line":2,"column":23},"end":{"line":2,"column":27}},{"start":{"line":2,"column":31},"end":{"line":2,"column":51}},{"start":{"line":2,"column":56},"end":{"line":4,"column":1}}],"line":2},"1":{"loc":{"start":{"line":3,"column":11},"end":{"line":3,"column":61}},"type":"cond-expr","locations":[{"start":{"line":3,"column":37},"end":{"line":3,"column":40}},{"start":{"line":3,"column":43},"end":{"line":3,"column":61}}],"line":3},"2":{"loc":{"start":{"line":3,"column":12},"end":{"line":3,"column":33}},"type":"binary-expr","locations":[{"start":{"line":3,"column":12},"end":{"line":3,"column":15}},{"start":{"line":3,"column":19},"end":{"line":3,"column":33}}],"line":3}},"s":{"0":1,"1":1,"2":1,"3":1,"4":1,"5":1,"6":1,"7":1},"f":{"0":1},"b":{"0":[1,1,1],"1":[0,1],"2":[1,1]},"inputSourceMap":{"version":3,"file":"D:/work/weatherBitClient/src/util/enviroment.ts","sources":["D:/work/weatherBitClient/src/util/enviroment.ts"],"names":[],"mappings":";;;;;;AAAA,+BAA+B;AAC/B,oDAA4B;AAG5B,gBAAM,CAAC,MAAM,CAAC,EAAE,IAAI,EAAE,IAAA,cAAO,EAAC,SAAS,EAAE,SAAS,CAAC,EAAE,CAAC,CAAC;AAE1C,QAAA,UAAU,GAAG;IACtB,IAAI,EAAE,OAAO,CAAC,GAAG,CAAC,IAAI;IACtB,WAAW,EAAE,OAAO,CAAC,GAAG,CAAC,WAAW;IACpC,2BAA2B,EAAE,OAAO,CAAC,GAAG,CAAC,2BAA2B;IACpE,kBAAkB,EAAE,OAAO,CAAC,GAAG,CAAC,kBAAkB;IAClD,UAAU,EAAE,OAAO,CAAC,GAAG,CAAC,UAAU;IAClC,UAAU,EAAE,OAAO,CAAC,GAAG,CAAC,UAAU;IAClC,SAAS,EAAE,OAAO,CAAC,GAAG,CAAC,SAAS;IAChC,eAAe,EAAE,EAAE,OAAO,EAAE,CAAC,EAAE,MAAM,EAAE,CAAC,EAAE,MAAM,EAAE,CAAC,EAAE,OAAO,EAAE,CAAC,EAAE;CACpE,CAAA","sourcesContent":["import { resolve } from 'path';\r\nimport dotenv from 'dotenv';\r\n\r\n\r\ndotenv.config({ path: resolve(__dirname, \"../.env\") });\r\n\r\nexport const enviroment = {\r\n    PORT: process.env.PORT,\r\n    WEATHER_URL: process.env.WEATHER_URL,\r\n    WEATHERBIT_REQUEST_INTERVAL: process.env.WEATHERBIT_REQUEST_INTERVAL,\r\n    WEATHERBIT_API_KEY: process.env.WEATHERBIT_API_KEY,\r\n    REDIS_PORT: process.env.REDIS_PORT,\r\n    REDIS_HOST: process.env.REDIS_HOST,\r\n    LOG_LEVEL: process.env.LOG_LEVEL,\r\n    LOG_LEVEL_ORDER: { 'debug': 1, 'info': 2, 'warn': 3, 'error': 4 },\r\n}\r\n\r\n\r\n"]},"_coverageSchema":"1a1c01bbd47fc00a2c39e90264f33305004495a9","hash":"7630b78aebff2d130d310e96a07afd5e27b3212c"},"D:\\work\\weatherBitClient\\src\\middleware\\weather.middleware.ts":{"path":"D:\\work\\weatherBitClient\\src\\middleware\\weather.middleware.ts","statementMap":{"0":{"start":{"line":2,"column":16},"end":{"line":10,"column":1}},"1":{"start":{"line":3,"column":28},"end":{"line":3,"column":110}},"2":{"start":{"line":3,"column":91},"end":{"line":3,"column":106}},"3":{"start":{"line":4,"column":4},"end":{"line":9,"column":7}},"4":{"start":{"line":5,"column":36},"end":{"line":5,"column":97}},"5":{"start":{"line":5,"column":42},"end":{"line":5,"column":70}},"6":{"start":{"line":5,"column":85},"end":{"line":5,"column":95}},"7":{"start":{"line":6,"column":35},"end":{"line":6,"column":100}},"8":{"start":{"line":6,"column":41},"end":{"line":6,"column":73}},"9":{"start":{"line":6,"column":88},"end":{"line":6,"column":98}},"10":{"start":{"line":7,"column":32},"end":{"line":7,"column":116}},"11":{"start":{"line":8,"column":8},"end":{"line":8,"column":78}},"12":{"start":{"line":11,"column":0},"end":{"line":11,"column":62}},"13":{"start":{"line":12,"column":26},"end":{"line":12,"column":62}},"14":{"start":{"line":13,"column":20},"end":{"line":13,"column":54}},"15":{"start":{"line":16,"column":8},"end":{"line":24,"column":11}},"16":{"start":{"line":17,"column":30},"end":{"line":17,"column":79}},"17":{"start":{"line":18,"column":12},"end":{"line":23,"column":13}},"18":{"start":{"line":19,"column":16},"end":{"line":19,"column":23}},"19":{"start":{"line":22,"column":16},"end":{"line":22,"column":109}},"20":{"start":{"line":27,"column":8},"end":{"line":35,"column":11}},"21":{"start":{"line":28,"column":30},"end":{"line":28,"column":76}},"22":{"start":{"line":29,"column":12},"end":{"line":34,"column":13}},"23":{"start":{"line":30,"column":16},"end":{"line":30,"column":23}},"24":{"start":{"line":33,"column":16},"end":{"line":33,"column":108}},"25":{"start":{"line":38,"column":0},"end":{"line":38,"column":42}}},"fnMap":{"0":{"name":"(anonymous_0)","decl":{"start":{"line":2,"column":44},"end":{"line":2,"column":45}},"loc":{"start":{"line":2,"column":89},"end":{"line":10,"column":1}},"line":2},"1":{"name":"adopt","decl":{"start":{"line":3,"column":13},"end":{"line":3,"column":18}},"loc":{"start":{"line":3,"column":26},"end":{"line":3,"column":112}},"line":3},"2":{"name":"(anonymous_2)","decl":{"start":{"line":3,"column":70},"end":{"line":3,"column":71}},"loc":{"start":{"line":3,"column":89},"end":{"line":3,"column":108}},"line":3},"3":{"name":"(anonymous_3)","decl":{"start":{"line":4,"column":36},"end":{"line":4,"column":37}},"loc":{"start":{"line":4,"column":63},"end":{"line":9,"column":5}},"line":4},"4":{"name":"fulfilled","decl":{"start":{"line":5,"column":17},"end":{"line":5,"column":26}},"loc":{"start":{"line":5,"column":34},"end":{"line":5,"column":99}},"line":5},"5":{"name":"rejected","decl":{"start":{"line":6,"column":17},"end":{"line":6,"column":25}},"loc":{"start":{"line":6,"column":33},"end":{"line":6,"column":102}},"line":6},"6":{"name":"step","decl":{"start":{"line":7,"column":17},"end":{"line":7,"column":21}},"loc":{"start":{"line":7,"column":30},"end":{"line":7,"column":118}},"line":7},"7":{"name":"(anonymous_7)","decl":{"start":{"line":15,"column":4},"end":{"line":15,"column":5}},"loc":{"start":{"line":15,"column":54},"end":{"line":25,"column":5}},"line":15},"8":{"name":"(anonymous_8)","decl":{"start":{"line":16,"column":47},"end":{"line":16,"column":48}},"loc":{"start":{"line":16,"column":60},"end":{"line":24,"column":9}},"line":16},"9":{"name":"(anonymous_9)","decl":{"start":{"line":26,"column":4},"end":{"line":26,"column":5}},"loc":{"start":{"line":26,"column":35},"end":{"line":36,"column":5}},"line":26},"10":{"name":"(anonymous_10)","decl":{"start":{"line":27,"column":47},"end":{"line":27,"column":48}},"loc":{"start":{"line":27,"column":60},"end":{"line":35,"column":9}},"line":27}},"branchMap":{"0":{"loc":{"start":{"line":2,"column":16},"end":{"line":10,"column":1}},"type":"binary-expr","locations":[{"start":{"line":2,"column":17},"end":{"line":2,"column":21}},{"start":{"line":2,"column":25},"end":{"line":2,"column":39}},{"start":{"line":2,"column":44},"end":{"line":10,"column":1}}],"line":2},"1":{"loc":{"start":{"line":3,"column":35},"end":{"line":3,"column":109}},"type":"cond-expr","locations":[{"start":{"line":3,"column":56},"end":{"line":3,"column":61}},{"start":{"line":3,"column":64},"end":{"line":3,"column":109}}],"line":3},"2":{"loc":{"start":{"line":4,"column":16},"end":{"line":4,"column":34}},"type":"binary-expr","locations":[{"start":{"line":4,"column":16},"end":{"line":4,"column":17}},{"start":{"line":4,"column":22},"end":{"line":4,"column":33}}],"line":4},"3":{"loc":{"start":{"line":7,"column":32},"end":{"line":7,"column":115}},"type":"cond-expr","locations":[{"start":{"line":7,"column":46},"end":{"line":7,"column":67}},{"start":{"line":7,"column":70},"end":{"line":7,"column":115}}],"line":7},"4":{"loc":{"start":{"line":8,"column":51},"end":{"line":8,"column":67}},"type":"binary-expr","locations":[{"start":{"line":8,"column":51},"end":{"line":8,"column":61}},{"start":{"line":8,"column":65},"end":{"line":8,"column":67}}],"line":8},"5":{"loc":{"start":{"line":18,"column":12},"end":{"line":23,"column":13}},"type":"if","locations":[{"start":{"line":18,"column":12},"end":{"line":23,"column":13}},{"start":{"line":18,"column":12},"end":{"line":23,"column":13}}],"line":18},"6":{"loc":{"start":{"line":29,"column":12},"end":{"line":34,"column":13}},"type":"if","locations":[{"start":{"line":29,"column":12},"end":{"line":34,"column":13}},{"start":{"line":29,"column":12},"end":{"line":34,"column":13}}],"line":29}},"s":{"0":1,"1":0,"2":0,"3":2,"4":0,"5":0,"6":0,"7":0,"8":0,"9":0,"10":2,"11":2,"12":1,"13":1,"14":1,"15":0,"16":0,"17":0,"18":0,"19":0,"20":2,"21":2,"22":2,"23":1,"24":1,"25":1},"f":{"0":2,"1":0,"2":0,"3":2,"4":0,"5":0,"6":2,"7":0,"8":0,"9":2,"10":2},"b":{"0":[1,1,1],"1":[0,0],"2":[2,2],"3":[2,0],"4":[2,2],"5":[0,0],"6":[1,1]},"inputSourceMap":{"version":3,"file":"D:/work/weatherBitClient/src/middleware/weather.middleware.ts","sources":["D:/work/weatherBitClient/src/middleware/weather.middleware.ts"],"names":[],"mappings":";;;;;;;;;;;AACA,+DAAuD;AACvD,uDAA0E;AAG1E,MAAM,iBAAiB;IACb,iCAAiC,CAAC,GAAY,EAAE,GAAa,EAAE,IAAkB;;YACnF,MAAM,EAAE,KAAK,EAAE,GAAG,4BAAgB,CAAC,QAAQ,CAAC,GAAG,CAAC,MAAM,CAAC,CAAC;YACxD,IAAI,CAAC,KAAK,EAAE;gBACR,IAAI,EAAE,CAAC;aACV;iBAAM;gBACH,GAAG,CAAC,MAAM,CAAC,4BAAU,CAAC,gBAAgB,CAAC,CAAC,IAAI,CAAC,EAAE,KAAK,EAAE,iBAAiB,EAAE,CAAC,CAAC;aAC9E;QACL,CAAC;KAAA;IAEK,cAAc,CAAC,GAAY,EAAE,GAAa,EAAE,IAAkB;;YAEhE,MAAM,EAAE,KAAK,EAAE,GAAG,yBAAa,CAAC,QAAQ,CAAC,GAAG,CAAC,MAAM,CAAC,CAAC;YACrD,IAAI,CAAC,KAAK,EAAE;gBACR,IAAI,EAAE,CAAC;aACV;iBAAM;gBACH,GAAG,CAAC,MAAM,CAAC,4BAAU,CAAC,gBAAgB,CAAC,CAAC,IAAI,CAAC,EAAE,KAAK,EAAE,gBAAgB,EAAE,CAAC,CAAC;aAC7E;QACL,CAAC;KAAA;CAEJ;AAED,kBAAe,IAAI,iBAAiB,EAAE,CAAC","sourcesContent":["import express, { Request, Response, NextFunction } from \"express\";\r\nimport { errorCodes } from \"../errors/errorStatusCode\";\r\nimport { cityValidator, weatherValidator } from \"../validators/validator\";\r\n\r\n\r\nclass WeatherMidlleware {\r\n    async validateRequiredWeatherBodyFields(req: Request, res: Response, next: NextFunction) {\r\n        const { error } = weatherValidator.validate(req.params);\r\n        if (!error) {\r\n            next();\r\n        } else {\r\n            res.status(errorCodes.VALIDATION_ERROR).send({ error: \"invalid weather\" });\r\n        }\r\n    }\r\n\r\n    async validateCityId(req: Request, res: Response, next: NextFunction) {\r\n\r\n        const { error } = cityValidator.validate(req.params);\r\n        if (!error) {\r\n            next();\r\n        } else {\r\n            res.status(errorCodes.VALIDATION_ERROR).send({ error: \"invalid cityId\" });\r\n        }\r\n    }\r\n\r\n}\r\n\r\nexport default new WeatherMidlleware();"]},"_coverageSchema":"1a1c01bbd47fc00a2c39e90264f33305004495a9","hash":"f8faeade740eb23bef0dab97f3149f5a72ea4db1"},"D:\\work\\weatherBitClient\\src\\validators\\validator.ts":{"path":"D:\\work\\weatherBitClient\\src\\validators\\validator.ts","statementMap":{"0":{"start":{"line":2,"column":22},"end":{"line":4,"column":1}},"1":{"start":{"line":3,"column":4},"end":{"line":3,"column":62}},"2":{"start":{"line":5,"column":0},"end":{"line":5,"column":62}},"3":{"start":{"line":6,"column":0},"end":{"line":6,"column":125}},"4":{"start":{"line":7,"column":14},"end":{"line":7,"column":45}},"5":{"start":{"line":8,"column":0},"end":{"line":12,"column":3}},"6":{"start":{"line":13,"column":0},"end":{"line":15,"column":3}},"7":{"start":{"line":16,"column":0},"end":{"line":20,"column":3}},"8":{"start":{"line":21,"column":0},"end":{"line":25,"column":3}}},"fnMap":{"0":{"name":"(anonymous_0)","decl":{"start":{"line":2,"column":56},"end":{"line":2,"column":57}},"loc":{"start":{"line":2,"column":71},"end":{"line":4,"column":1}},"line":2}},"branchMap":{"0":{"loc":{"start":{"line":2,"column":22},"end":{"line":4,"column":1}},"type":"binary-expr","locations":[{"start":{"line":2,"column":23},"end":{"line":2,"column":27}},{"start":{"line":2,"column":31},"end":{"line":2,"column":51}},{"start":{"line":2,"column":56},"end":{"line":4,"column":1}}],"line":2},"1":{"loc":{"start":{"line":3,"column":11},"end":{"line":3,"column":61}},"type":"cond-expr","locations":[{"start":{"line":3,"column":37},"end":{"line":3,"column":40}},{"start":{"line":3,"column":43},"end":{"line":3,"column":61}}],"line":3},"2":{"loc":{"start":{"line":3,"column":12},"end":{"line":3,"column":33}},"type":"binary-expr","locations":[{"start":{"line":3,"column":12},"end":{"line":3,"column":15}},{"start":{"line":3,"column":19},"end":{"line":3,"column":33}}],"line":3}},"s":{"0":1,"1":1,"2":1,"3":1,"4":1,"5":1,"6":1,"7":1,"8":1},"f":{"0":1},"b":{"0":[1,1,1],"1":[0,1],"2":[1,1]},"inputSourceMap":{"version":3,"file":"D:/work/weatherBitClient/src/validators/validator.ts","sources":["D:/work/weatherBitClient/src/validators/validator.ts"],"names":[],"mappings":";;;;;;AAAA,8CAAsB;AAGT,QAAA,0BAA0B,GAAG,aAAG,CAAC,MAAM,CAAC;IACjD,KAAK,EAAE,aAAG,CAAC,MAAM,EAAE,CAAC,KAAK,CAAC,GAAG,EAAE,GAAG,EAAE,GAAG,CAAC;IACxC,MAAM,EAAE,aAAG,CAAC,MAAM,EAAE,CAAC,QAAQ,EAAE;IAC/B,QAAQ,EAAE,aAAG,CAAC,MAAM,EAAE,CAAC,KAAK,CAAC,IAAI,EAAE,IAAI,CAAC;CAC3C,CAAC,CAAC;AAEU,QAAA,aAAa,GAAG,aAAG,CAAC,MAAM,CAAC;IACpC,MAAM,EAAE,aAAG,CAAC,MAAM,EAAE,CAAC,QAAQ,EAAE;CAClC,CAAC,CAAC;AAEU,QAAA,gBAAgB,GAAG,aAAG,CAAC,MAAM,CAAC;IACvC,MAAM,EAAE,aAAG,CAAC,MAAM,EAAE,CAAC,QAAQ,EAAE;IAC/B,WAAW,EAAE,aAAG,CAAC,MAAM,EAAE,CAAC,QAAQ;IAClC,IAAI,EAAE,aAAG,CAAC,MAAM,EAAE,CAAC,QAAQ,EAAE;CAChC,CAAC,CAAC;AACU,QAAA,mBAAmB,GAAG,aAAG,CAAC,MAAM,CAAC;IAC1C,MAAM,EAAE,aAAG,CAAC,MAAM,EAAE,CAAC,QAAQ,EAAE;IAC/B,WAAW,EAAE,aAAG,CAAC,MAAM,EAAE,CAAC,QAAQ;IAClC,IAAI,EAAE,aAAG,CAAC,MAAM,EAAE,CAAC,QAAQ,EAAE;CAChC,CAAC,CAAC","sourcesContent":["import Joi from \"joi\";\r\n\r\n\r\nexport const weatherBitsEntryValidation = Joi.object({\r\n    units: Joi.string().valid('S', 'I', 'M'),\r\n    cityId: Joi.number().required(),\r\n    language: Joi.string().valid('en', 'ro')\r\n});\r\n\r\nexport const cityValidator = Joi.object({\r\n    cityId: Joi.number().required()\r\n});\r\n\r\nexport const weatherValidator = Joi.object({\r\n    cityId: Joi.number().required(),\r\n    temperature: Joi.number().required,\r\n    date: Joi.number().required()\r\n});\r\nexport const statisticsValidator = Joi.object({\r\n    cityId: Joi.number().required(),\r\n    temperature: Joi.number().required,\r\n    date: Joi.number().required()\r\n});"]},"_coverageSchema":"1a1c01bbd47fc00a2c39e90264f33305004495a9","hash":"2d9ee5f420324eb0360fa7b912eca1e3cb54b1b2"},"D:\\work\\weatherBitClient\\src\\routes\\common.routes.config.ts":{"path":"D:\\work\\weatherBitClient\\src\\routes\\common.routes.config.ts","statementMap":{"0":{"start":{"line":2,"column":0},"end":{"line":2,"column":62}},"1":{"start":{"line":3,"column":0},"end":{"line":3,"column":36}},"2":{"start":{"line":6,"column":8},"end":{"line":6,"column":23}},"3":{"start":{"line":7,"column":8},"end":{"line":7,"column":25}},"4":{"start":{"line":8,"column":8},"end":{"line":8,"column":31}},"5":{"start":{"line":11,"column":8},"end":{"line":11,"column":25}},"6":{"start":{"line":14,"column":0},"end":{"line":14,"column":48}}},"fnMap":{"0":{"name":"(anonymous_0)","decl":{"start":{"line":5,"column":4},"end":{"line":5,"column":5}},"loc":{"start":{"line":5,"column":27},"end":{"line":9,"column":5}},"line":5},"1":{"name":"(anonymous_1)","decl":{"start":{"line":10,"column":4},"end":{"line":10,"column":5}},"loc":{"start":{"line":10,"column":14},"end":{"line":12,"column":5}},"line":10}},"branchMap":{},"s":{"0":1,"1":1,"2":2,"3":2,"4":2,"5":0,"6":1},"f":{"0":2,"1":0},"b":{},"inputSourceMap":{"version":3,"file":"D:/work/weatherBitClient/src/routes/common.routes.config.ts","sources":["D:/work/weatherBitClient/src/routes/common.routes.config.ts"],"names":[],"mappings":";;;AACA,MAAsB,kBAAkB;IAIpC,YAAY,GAAwB,EAAE,IAAY;QAC9C,IAAI,CAAC,GAAG,GAAG,GAAG,CAAC;QACf,IAAI,CAAC,IAAI,GAAG,IAAI,CAAC;QACjB,IAAI,CAAC,eAAe,EAAE,CAAC;IAC3B,CAAC;IACD,OAAO;QACH,OAAO,IAAI,CAAC,IAAI,CAAC;IACrB,CAAC;CAEJ;AAbD,gDAaC","sourcesContent":["import express from 'express';\r\nexport abstract class CommonRoutesConfig {\r\n    app: express.Application;\r\n    name: string;\r\n\r\n    constructor(app: express.Application, name: string) {\r\n        this.app = app;\r\n        this.name = name;\r\n        this.configureRoutes();\r\n    }\r\n    getName() {\r\n        return this.name;\r\n    }\r\n    abstract configureRoutes(): express.Application;\r\n}"]},"_coverageSchema":"1a1c01bbd47fc00a2c39e90264f33305004495a9","hash":"bc9ad5996c146807b50e7b5968185e2957727604"},"D:\\work\\weatherBitClient\\src\\routes\\statistics.routes.ts":{"path":"D:\\work\\weatherBitClient\\src\\routes\\statistics.routes.ts","statementMap":{"0":{"start":{"line":2,"column":22},"end":{"line":4,"column":1}},"1":{"start":{"line":3,"column":4},"end":{"line":3,"column":62}},"2":{"start":{"line":5,"column":0},"end":{"line":5,"column":62}},"3":{"start":{"line":6,"column":0},"end":{"line":6,"column":34}},"4":{"start":{"line":7,"column":32},"end":{"line":7,"column":95}},"5":{"start":{"line":8,"column":32},"end":{"line":8,"column":96}},"6":{"start":{"line":9,"column":31},"end":{"line":9,"column":64}},"7":{"start":{"line":12,"column":8},"end":{"line":14,"column":65}},"8":{"start":{"line":15,"column":8},"end":{"line":18,"column":64}},"9":{"start":{"line":19,"column":8},"end":{"line":19,"column":24}},"10":{"start":{"line":22,"column":8},"end":{"line":22,"column":39}},"11":{"start":{"line":25,"column":0},"end":{"line":25,"column":44}}},"fnMap":{"0":{"name":"(anonymous_0)","decl":{"start":{"line":2,"column":56},"end":{"line":2,"column":57}},"loc":{"start":{"line":2,"column":71},"end":{"line":4,"column":1}},"line":2},"1":{"name":"(anonymous_1)","decl":{"start":{"line":11,"column":4},"end":{"line":11,"column":5}},"loc":{"start":{"line":11,"column":22},"end":{"line":20,"column":5}},"line":11},"2":{"name":"(anonymous_2)","decl":{"start":{"line":21,"column":4},"end":{"line":21,"column":5}},"loc":{"start":{"line":21,"column":21},"end":{"line":23,"column":5}},"line":21}},"branchMap":{"0":{"loc":{"start":{"line":2,"column":22},"end":{"line":4,"column":1}},"type":"binary-expr","locations":[{"start":{"line":2,"column":23},"end":{"line":2,"column":27}},{"start":{"line":2,"column":31},"end":{"line":2,"column":51}},{"start":{"line":2,"column":56},"end":{"line":4,"column":1}}],"line":2},"1":{"loc":{"start":{"line":3,"column":11},"end":{"line":3,"column":61}},"type":"cond-expr","locations":[{"start":{"line":3,"column":37},"end":{"line":3,"column":40}},{"start":{"line":3,"column":43},"end":{"line":3,"column":61}}],"line":3},"2":{"loc":{"start":{"line":3,"column":12},"end":{"line":3,"column":33}},"type":"binary-expr","locations":[{"start":{"line":3,"column":12},"end":{"line":3,"column":15}},{"start":{"line":3,"column":19},"end":{"line":3,"column":33}}],"line":3}},"s":{"0":1,"1":2,"2":1,"3":1,"4":1,"5":1,"6":1,"7":1,"8":1,"9":1,"10":1,"11":1},"f":{"0":2,"1":1,"2":1},"b":{"0":[1,1,1],"1":[2,0],"2":[2,2]},"inputSourceMap":{"version":3,"file":"D:/work/weatherBitClient/src/routes/statistics.routes.ts","sources":["D:/work/weatherBitClient/src/routes/statistics.routes.ts"],"names":[],"mappings":";;;;;;AACA,gGAAuE;AACvE,iGAAwE;AACxE,iEAA4D;AAE5D,MAAa,gBAAiB,SAAQ,yCAAkB;IACpD,eAAe;QACX,IAAI,CAAC,GAAG;aACH,KAAK,CAAC,QAAQ,CAAC;aACf,GAAG,CAAC,+BAAoB,CAAC,cAAc,CAAC,CAAC;QAE9C,IAAI,CAAC,GAAG;aACH,KAAK,CAAC,gBAAgB,CAAC;aACvB,GAAG,CAAC,+BAAoB,CAAC,cAAc,CAAC;aACxC,GAAG,CAAC,+BAAoB,CAAC,aAAa,CAAC,CAAC;QAG7C,OAAO,IAAI,CAAC,GAAG,CAAC;IAEpB,CAAC;IACD,YAAY,GAAgB;QACxB,KAAK,CAAC,GAAG,EAAE,kBAAkB,CAAC,CAAA;IAClC,CAAC;CAEJ;AAnBD,4CAmBC","sourcesContent":["import { Application } from \"express\";\r\nimport StatisticsController from \"../controller/statistics.controller\";\r\nimport StatisticsMiddleware from \"../middleware/statistics.middleware \";\r\nimport { CommonRoutesConfig } from \"./common.routes.config\";\r\n\r\nexport class StatisticsRoutes extends CommonRoutesConfig {\r\n    configureRoutes(): Application {\r\n        this.app\r\n            .route(`/stats`)\r\n            .get(StatisticsController.listStatistics);\r\n\r\n        this.app\r\n            .route(`/stats/:cityId`)\r\n            .all(StatisticsMiddleware.validateCityId)\r\n            .get(StatisticsController.getStatistics);\r\n\r\n\r\n        return this.app;\r\n\r\n    }\r\n    constructor(app: Application) {\r\n        super(app, 'StatisticsRoutes')\r\n    }\r\n\r\n}"]},"_coverageSchema":"1a1c01bbd47fc00a2c39e90264f33305004495a9","hash":"6e7effed843d304e34342228050cf1de6a1cbb53"},"D:\\work\\weatherBitClient\\src\\controller\\statistics.controller.ts":{"path":"D:\\work\\weatherBitClient\\src\\controller\\statistics.controller.ts","statementMap":{"0":{"start":{"line":2,"column":16},"end":{"line":10,"column":1}},"1":{"start":{"line":3,"column":28},"end":{"line":3,"column":110}},"2":{"start":{"line":3,"column":91},"end":{"line":3,"column":106}},"3":{"start":{"line":4,"column":4},"end":{"line":9,"column":7}},"4":{"start":{"line":5,"column":36},"end":{"line":5,"column":97}},"5":{"start":{"line":5,"column":42},"end":{"line":5,"column":70}},"6":{"start":{"line":5,"column":85},"end":{"line":5,"column":95}},"7":{"start":{"line":6,"column":35},"end":{"line":6,"column":100}},"8":{"start":{"line":6,"column":41},"end":{"line":6,"column":73}},"9":{"start":{"line":6,"column":88},"end":{"line":6,"column":98}},"10":{"start":{"line":7,"column":32},"end":{"line":7,"column":116}},"11":{"start":{"line":8,"column":8},"end":{"line":8,"column":78}},"12":{"start":{"line":11,"column":22},"end":{"line":13,"column":1}},"13":{"start":{"line":12,"column":4},"end":{"line":12,"column":62}},"14":{"start":{"line":14,"column":0},"end":{"line":14,"column":62}},"15":{"start":{"line":15,"column":29},"end":{"line":15,"column":86}},"16":{"start":{"line":16,"column":26},"end":{"line":16,"column":80}},"17":{"start":{"line":19,"column":8},"end":{"line":38,"column":11}},"18":{"start":{"line":20,"column":29},"end":{"line":20,"column":71}},"19":{"start":{"line":21,"column":12},"end":{"line":36,"column":13}},"20":{"start":{"line":22,"column":16},"end":{"line":35,"column":17}},"21":{"start":{"line":23,"column":39},"end":{"line":23,"column":86}},"22":{"start":
[...]
,"column":5}},"line":17},"9":{"name":"(anonymous_9)","decl":{"start":{"line":18,"column":47},"end":{"line":18,"column":48}},"loc":{"start":{"line":18,"column":60},"end":{"line":20,"column":9}},"line":18},"10":{"name":"(anonymous_10)","decl":{"start":{"line":22,"column":4},"end":{"line":22,"column":5}},"loc":{"start":{"line":22,"column":30},"end":{"line":28,"column":5}},"line":22},"11":{"name":"(anonymous_11)","decl":{"start":{"line":23,"column":47},"end":{"line":23,"column":48}},"loc":{"start":{"line":23,"column":60},"end":{"line":27,"column":9}},"line":23}},"branchMap":{"0":{"loc":{"start":{"line":2,"column":16},"end":{"line":10,"column":1}},"type":"binary-expr","locations":[{"start":{"line":2,"column":17},"end":{"line":2,"column":21}},{"start":{"line":2,"column":25},"end":{"line":2,"column":39}},{"start":{"line":2,"column":44},"end":{"line":10,"column":1}}],"line":2},"1":{"loc":{"start":{"line":3,"column":35},"end":{"line":3,"column":109}},"type":"cond-expr","locations":[{"start":{"line":3,"column":56},"end":{"line":3,"column":61}},{"start":{"line":3,"column":64},"end":{"line":3,"column":109}}],"line":3},"2":{"loc":{"start":{"line":4,"column":16},"end":{"line":4,"column":34}},"type":"binary-expr","locations":[{"start":{"line":4,"column":16},"end":{"line":4,"column":17}},{"start":{"line":4,"column":22},"end":{"line":4,"column":33}}],"line":4},"3":{"loc":{"start":{"line":7,"column":32},"end":{"line":7,"column":115}},"type":"cond-expr","locations":[{"start":{"line":7,"column":46},"end":{"line":7,"column":67}},{"start":{"line":7,"column":70},"end":{"line":7,"column":115}}],"line":7},"4":{"loc":{"start":{"line":8,"column":51},"end":{"line":8,"column":67}},"type":"binary-expr","locations":[{"start":{"line":8,"column":51},"end":{"line":8,"column":61}},{"start":{"line":8,"column":65},"end":{"line":8,"column":67}}],"line":8},"5":{"loc":{"start":{"line":11,"column":22},"end":{"line":13,"column":1}},"type":"binary-expr","locations":[{"start":{"line":11,"column":23},"end":{"line":11,"column":27}},{"start":{"line":11,"column":31},"end":{"line":11,"column":51}},{"start":{"line":11,"column":56},"end":{"line":13,"column":1}}],"line":11},"6":{"loc":{"start":{"line":12,"column":11},"end":{"line":12,"column":61}},"type":"cond-expr","locations":[{"start":{"line":12,"column":37},"end":{"line":12,"column":40}},{"start":{"line":12,"column":43},"end":{"line":12,"column":61}}],"line":12},"7":{"loc":{"start":{"line":12,"column":12},"end":{"line":12,"column":33}},"type":"binary-expr","locations":[{"start":{"line":12,"column":12},"end":{"line":12,"column":15}},{"start":{"line":12,"column":19},"end":{"line":12,"column":33}}],"line":12},"8":{"loc":{"start":{"line":22,"column":18},"end":{"line":22,"column":28}},"type":"default-arg","locations":[{"start":{"line":22,"column":27},"end":{"line":22,"column":28}}],"line":22}},"s":{"0":1,"1":4,"2":0,"3":4,"4":4,"5":4,"6":0,"7":0,"8":0,"9":0,"10":8,"11":4,"12":1,"13":1,"14":1,"15":1,"16":2,"17":2,"18":2,"19":2,"20":1},"f":{"0":4,"1":4,"2":0,"3":4,"4":4,"5":0,"6":8,"7":1,"8":2,"9":2,"10":2,"11":2},"b":{"0":[1,1,1],"1":[4,0],"2":[4,4],"3":[4,4],"4":[4,4],"5":[1,1,1],"6":[1,0],"7":[1,1],"8":[0]},"inputSourceMap":{"version":3,"file":"D:/work/weatherBitClient/src/dao/statistics.dao.ts","sources":["D:/work/weatherBitClient/src/dao/statistics.dao.ts"],"names":[],"mappings":";;;;;;;;;;;;;;AAGA,+FAAsE;AAKtE,MAAM,aAAa;IAIF,aAAa,CAAC,UAAsB;;YAC7C,OAAO,CAAC,MAAM,+BAAoB,CAAC,CAAC,aAAa,CAAC,UAAU,CAAC,CAAC;QAClE,CAAC;KAAA;IAEY,aAAa,CAAC,SAAiB,CAAC;;YACzC,OAAO,CAAC,MAAM,+BAAoB,CAAC,CAAC,MAAM,EAAE;iBACvC,KAAK,CAAC,QAAQ,CAAC,CAAC,EAAE,CAAC,MAAM,CAAC;iBAC1B,SAAS,CAAC,MAAM,CAAC,CAAC;QAC3B,CAAC;KAAA;CAMJ;AAED,kBAAe,IAAI,aAAa,EAAE,CAAC","sourcesContent":["\r\nimport { Statistics } from '../dto/dto';\r\nimport { Entity, Schema } from 'redis-om'\r\nimport statisticsRepository from './repository/statistics.repository';\r\n\r\n\r\n\r\n\r\nclass StatisticsDao {\r\n\r\n\r\n\r\n    public async addStatistics(statistics: Statistics): Promise<any> {\r\n        return (await statisticsRepository).createAndSave(statistics);\r\n    }\r\n\r\n    public async getStatistics(cityId: number = 0): Promise<any> {\r\n        return (await statisticsRepository).search()\r\n            .where('cityId').eq(cityId)\r\n            .returnMax('date');\r\n    }\r\n\r\n\r\n\r\n\r\n\r\n}\r\n\r\nexport default new StatisticsDao();"]},"_coverageSchema":"1a1c01bbd47fc00a2c39e90264f33305004495a9","hash":"9544ada33e587fb97e8ba73720e6814b84ad6ae5"},"D:\\work\\weatherBitClient\\src\\dao\\repository\\statistics.repository.ts":{"path":"D:\\work\\weatherBitClient\\src\\dao\\repository\\statistics.repository.ts","statementMap":{"0":{"start":{"line":2,"column":16},"end":{"line":10,"column":1}},"1":{"start":{"line":3,"column":28},"end":{"line":3,"column":110}},"2":{"start":{"line":3,"column":91},"end":{"line":3,"column":106}},"3":{"start":{"line":4,"column":4},"end":{"line":9,"column":7}},"4":{"start":{"line":5,"column":36},"end":{"line":5,"column":97}},"5":{"start":{"line":5,"column":42},"end":{"line":5,"column":70}},"6":{"start":{"line":5,"column":85},"end":{"line":5,"column":95}},"7":{"start":{"line":6,"column":35},"end":{"line":6,"column":100}},"8":{"start":{"line":6,"column":41},"end":{"line":6,"column":73}},"9":{"start":{"line":6,"column":88},"end":{"line":6,"column":98}},"10":{"start":{"line":7,"column":32},"end":{"line":7,"column":116}},"11":{"start":{"line":8,"column":8},"end":{"line":8,"column":78}},"12":{"start":{"line":11,"column":22},"end":{"line":13,"column":1}},"13":{"start":{"line":12,"column":4},"end":{"line":12,"column":62}},"14":{"start":{"line":14,"column":0},"end":{"line":14,"column":62}},"15":{"start":{"line":15,"column":19},"end":{"line":15,"column":38}},"16":{"start":{"line":16,"column":17},"end":{"line":16,"column":61}},"17":{"start":{"line":19,"column":15},"end":{"line":23,"column":2}},"18":{"start":{"line":24,"column":25},"end":{"line":31,"column":2}},"19":{"start":{"line":24,"column":31},"end":{"line":31,"column":2}},"20":{"start":{"line":25,"column":23},"end":{"line":25,"column":71}},"21":{"start":{"line":26,"column":4},"end":{"line":29,"column":19}},"22":{"start":{"line":27,"column":8},"end":{"line":27,"column":39}},"23":{"start":{"line":30,"column":4},"end":{"line":30,"column":22}},"24":{"start":{"line":32,"column":0},"end":{"line":32,"column":37}}},"fnMap":{"0":{"name":"(anonymous_0)","decl":{"start":{"line":2,"column":44},"end":{"line":2,"column":45}},"loc":{"start":{"line":2,"column":89},"end":{"line":10,"column":1}},"line":2},"1":{"name":"adopt","decl":{"start":{"line":3,"column":13},"end":{"line":3,"column":18}},"loc":{"start":{"line":3,"column":26},"end":{"line":3,"column":112}},"line":3},"2":{"name":"(anonymous_2)","decl":{"start":{"line":3,"column":70},"end":{"line":3,"column":71}},"loc":{"start":{"line":3,"column":89},"end":{"line":3,"column":108}},"line":3},"3":{"name":"(anonymous_3)","decl":{"start":{"line":4,"column":36},"end":{"line":4,"column":37}},"loc":{"start":{"line":4,"column":63},"end":{"line":9,"column":5}},"line":4},"4":{"name":"fulfilled","decl":{"start":{"line":5,"column":17},"end":{"line":5,"column":26}},"loc":{"start":{"line":5,"column":34},"end":{"line":5,"column":99}},"line":5},"5":{"name":"rejected","decl":{"start":{"line":6,"column":17},"end":{"line":6,"column":25}},"loc":{"start":{"line":6,"column":33},"end":{"line":6,"column":102}},"line":6},"6":{"name":"step","decl":{"start":{"line":7,"column":17},"end":{"line":7,"column":21}},"loc":{"start":{"line":7,"column":30},"end":{"line":7,"column":118}},"line":7},"7":{"name":"(anonymous_7)","decl":{"start":{"line":11,"column":56},"end":{"line":11,"column":57}},"loc":{"start":{"line":11,"column":71},"end":{"line":13,"column":1}},"line":11},"8":{"name":"(anonymous_8)","decl":{"start":{"line":24,"column":25},"end":{"line":24,"column":26}},"loc":{"start":{"line":24,"column":31},"end":{"line":31,"column":2}},"line":24},"9":{"name":"(anonymous_9)","decl":{"start":{"line":24,"column":65},"end":{"line":24,"column":66}},"loc":{"start":{"line":24,"column":78},"end":{"line":31,"column":1}},"line":24}},"branchMap":{"0":{"loc":{"start":{"line":2,"column":16},"end":{"line":10,"column":1}},"type":"binary-expr","locations":[{"start":{"line":2,"column":17},"end":{"line":2,"column":21}},{"start":{"line":2,"column":25},"end":{"line":2,"column":39}},{"start":{"line":2,"column":44},"end":{"line":10,"column":1}}],"line":2},"1":{"loc":{"start":{"line":3,"column":35},"end":{"line":3,"column":109}},"type":"cond-expr","locations":[{"start":{"line":3,"column":56},"end":{"line":3,"column":61}},{"start":{"line":3,"column":64},"end":{"line":3,"column":109}}],"line":3},"2":{"loc":{"start":{"line":4,"column":16},"end":{"line":4,"column":34}},"type":"binary-expr","locations":[{"start":{"line":4,"column":16},"end":{"line":4,"column":17}},{"start":{"line":4,"column":22},"end":{"line":4,"column":33}}],"line":4},"3":{"loc":{"start":{"line":7,"column":32},"end":{"line":7,"column":115}},"type":"cond-expr","locations":[{"start":{"line":7,"column":46},"end":{"line":7,"column":67}},{"start":{"line":7,"column":70},"end":{"line":7,"column":115}}],"line":7},"4":{"loc":{"start":{"line":8,"column":51},"end":{"line":8,"column":67}},"type":"binary-expr","locations":[{"start":{"line":8,"column":51},"end":{"line":8,"column":61}},{"start":{"line":8,"column":65},"end":{"line":8,"column":67}}],"line":8},"5":{"loc":{"start":{"line":11,"column":22},"end":{"line":13,"column":1}},"type":"binary-expr","locations":[{"start":{"line":11,"column":23},"end":{"line":11,"column":27}},{"start":{"line":11,"column":31},"end":{"line":11,"column":51}},{"start":{"line":11,"column":56},"end":{"line":13,"column":1}}],"line":11},"6":{"loc":{"start":{"line":12,"column":11},"end":{"line":12,"column":61}},"type":"cond-expr","locations":[{"start":{"line":12,"column":37},"end":{"line":12,"column":40}},{"start":{"line":12,"column":43},"end":{"line":12,"column":61}}],"line":12},"7":{"loc":{"start":{"line":12,"column":12},"end":{"line":12,"column":33}},"type":"binary-expr","locations":[{"start":{"line":12,"column":12},"end":{"line":12,"column":15}},{"start":{"line":12,"column":19},"end":{"line":12,"column":33}}],"line":12}},"s":{"0":1,"1":2,"2":0,"3":1,"4":2,"5":2,"6":0,"7":0,"8":0,"9":0,"10":3,"11":1,"12":1,"13":1,"14":1,"15":1,"16":1,"17":1,"18":1,"19":1,"20":1,"21":1,"22":1,"23":1,"24":1},"f":{"0":1,"1":2,"2":0,"3":1,"4":2,"5":0,"6":3,"7":1,"8":1,"9":1},"b":{"0":[1,1,1],"1":[2,0],"2":[1,1],"3":[1,2],"4":[1,1],"5":[1,1,1],"6":[1,0],"7":[1,1]},"inputSourceMap":{"version":3,"file":"D:/work/weatherBitClient/src/dao/repository/statistics.repository.ts","sources":["D:/work/weatherBitClient/src/dao/repository/statistics.repository.ts"],"names":[],"mappings":";;;;;;;;;;;;;;AAAA,uCAAyC;AACzC,8DAAqC;AAErC,MAAM,gBAAiB,SAAQ,iBAAM;CAAI;AAGzC,MAAM,MAAM,GAAG,IAAI,iBAAM,CAAC,gBAAgB,EAAE;IACxC,MAAM,EAAE,EAAE,IAAI,EAAE,QAAQ,EAAE;IAC1B,WAAW,EAAE,EAAE,IAAI,EAAE,QAAQ,EAAE;IAC/B,IAAI,EAAE,EAAE,IAAI,EAAE,MAAM,EAAE,QAAQ,EAAE,IAAI,EAAE;CACzC,CAAC,CAAC;AAKH,MAAM,gBAAgB,GAAG,GAAS,EAAE;IAEhC,MAAM,UAAU,GAAG,CAAC,MAAM,gBAAM,CAAC,CAAC,eAAe,CAAC,MAAM,CAAC,CAAA;IACzD,IAAI;QACA,MAAM,UAAU,CAAC,WAAW,EAAE,CAAC;KAClC;IAAC,OAAO,GAAG,EAAE,GAAG;IACjB,OAAO,UAAU,CAAC;AACtB,CAAC,CAAA,CAAA;AAED,kBAAe,gBAAgB,EAAE,CAAC","sourcesContent":["import { Entity, Schema } from 'redis-om'\r\nimport client from '../client/client'\r\n\r\nclass StatisticsEntity extends Entity { }\r\n\r\n\r\nconst schema = new Schema(StatisticsEntity, {\r\n    cityId: { type: 'number' },\r\n    temperature: { type: 'number' },\r\n    date: { type: 'date', sortable: true }\r\n});\r\n\r\n\r\n\r\n\r\nconst createRepository = async () => {\r\n\r\n    const repository = (await client).fetchRepository(schema)\r\n    try {\r\n        await repository.createIndex();\r\n    } catch (err) { }\r\n    return repository;\r\n}\r\n\r\nexport default createRepository();\r\n\r\n"]},"_coverageSchema":"1a1c01bbd47fc00a2c39e90264f33305004495a9","hash":"9b41dd1b35d94d50116f5a0f1d865da709ee6e20"},"D:\\work\\weatherBitClient\\src\\middleware\\statistics.middleware .ts":{"path":"D:\\work\\weatherBitClient\\src\\middleware\\statistics.middleware .ts","statementMap":{"0":{"start":{"line":2,"column":16},"end":{"line":10,"column":1}},"1":{"start":{"line":3,"column":28},"end":{"line":3,"column":110}},"2":{"start":{"line":3,"column":91},"end":{"line":3,"column":106}},"3":{"start":{"line":4,"column":4},"end":{"line":9,"column":7}},"4":{"start":{"line":5,"column":36},"end":{"line":5,"column":97}},"5":{"start":{"line":5,"column":42},"end":{"line":5,"column":70}},"6":{"start":{"line":5,"column":85},"end":{"line":5,"column":95}},"7":{"start":{"line":6,"column":35},"end":{"line":6,"column":100}},"8":{"start":{"line":6,"column":41},"end":{"line":6,"column":73}},"9":{"start":{"line":6,"column":88},"end":{"line":6,"column":98}},"10":{"start":{"line":7,"column":32},"end":{"line":7,"column":116}},"11":{"start":{"line":8,"column":8},"end":{"line":8,"column":78}},"12":{"start":{"line":11,"column":0},"end":{"line":11,"column":62}},"13":{"start":{"line":12,"column":26},"end":{"line":12,"column":62}},"14":{"start":{"line":13,"column":20},"end":{"line":13,"column":54}},"15":{"start":{"line":16,"column":8},"end":{"line":24,"column":11}},"16":{"start":{"line":17,"column":30},"end":{"line":17,"column":82}},"17":{"start":{"line":18,"column":12},"end":{"line":23,"column":13}},"18":{"start":{"line":19,"column":16},"end":{"line":19,"column":23}},"19":{"start":{"line":22,"column":16},"end":{"line":22,"column":112}},"20":{"start":{"line":27,"column":8},"end":{"line":35,"column":11}},"21":{"start":{"line":28,"column":30},"end":{"line":28,"column":76}},"22":{"start":{"line":29,"column":12},"end":{"line":34,"column":13}},"23":{"start":{"line":30,"column":16},"end":{"line":30,"column":23}},"24":{"start":{"line":33,"column":16},"end":{"line":33,"column":108}},"25":{"start":{"line":38,"column":0},"end":{"line":38,"column":45}}},"fnMap":{"0":{"name":"(anonymous_0)","decl":{"start":{"line":2,"column":44},"end":{"line":2,"column":45}},"loc":{"start":{"line":2,"column":89},"end":{"line":10,"column":1}},"line":2},"1":{"name":"adopt","decl":{"start":{"line":3,"column":13},"end":{"line":3,"column":18}},"loc":{"start":{"line":3,"column":26},"end":{"line":3,"column":112}},"line":3},"2":{"name":"(anonymous_2)","decl":{"start":{"line":3,"column":70},"end":{"line":3,"column":71}},"loc":{"start":{"line":3,"column":89},"end":{"line":3,"column":108}},"line":3},"3":{"name":"(anonymous_3)","decl":{"start":{"line":4,"column":36},"end":{"line":4,"column":37}},"loc":{"start":{"line":4,"column":63},"end":{"line":9,"column":5}},"line":4},"4":{"name":"fulfilled","decl":{"start":{"line":5,"column":17},"end":{"line":5,"column":26}},"loc":{"start":{"line":5,"column":34},"end":{"line":5,"column":99}},"line":5},"5":{"name":"rejected","decl":{"start":{"line":6,"column":17},"end":{"line":6,"column":25}},"loc":{"start":{"line":6,"column":33},"end":{"line":6,"column":102}},"line":6},"6":{"name":"step","decl":{"start":{"line":7,"column":17},"end":{"line":7,"column":21}},"loc":{"start":{"line":7,"column":30},"end":{"line":7,"column":118}},"line":7},"7":{"name":"(anonymous_7)","decl":{"start":{"line":15,"column":4},"end":{"line":15,"column":5}},"loc":{"start":{"line":15,"column":57},"end":{"line":25,"column":5}},"line":15},"8":{"name":"(anonymous_8)","decl":{"start":{"line":16,"column":47},"end":{"line":16,"column":48}},"loc":{"start":{"line":16,"column":60},"end":{"line":24,"column":9}},"line":16},"9":{"name":"(anonymous_9)","decl":{"start":{"line":26,"column":4},"end":{"line":26,"column":5}},"loc":{"start":{"line":26,"column":35},"end":{"line":36,"column":5}},"line":26},"10":{"name":"(anonymous_10)","decl":{"start":{"line":27,"column":47},"end":{"line":27,"column":48}},"loc":{"start":{"line":27,"column":60},"end":{"line":35,"column":9}},"line":27}},"branchMap":{"0":{"loc":{"start":{"line":2,"column":16},"end":{"line":10,"column":1}},"type":"binary-expr","locations":[{"start":{"line":2,"column":17},"end":{"line":2,"column":21}},{"start":{"line":2,"column":25},"end":{"line":2,"column":39}},{"start":{"line":2,"column":44},"end":{"line":10,"column":1}}],"line":2},"1":{"loc":{"start":{"line":3,"column":35},"end":{"line":3,"column":109}},"type":"cond-expr","locations":[{"start":{"line":3,"column":56},"end":{"line":3,"column":61}},{"start":{"line":3,"column":64},"end":{"line":3,"column":109}}],"line":3},"2":{"loc":{"start":{"line":4,"column":16},"end":{"line":4,"column":34}},"type":"binary-expr","locations":[{"start":{"line":4,"column":16},"end":{"line":4,"column":17}},{"start":{"line":4,"column":22},"end":{"line":4,"column":33}}],"line":4},"3":{"loc":{"start":{"line":7,"column":32},"end":{"line":7,"column":115}},"type":"cond-expr","locations":[{"start":{"line":7,"column":46},"end":{"line":7,"column":67}},{"start":{"line":7,"column":70},"end":{"line":7,"column":115}}],"line":7},"4":{"loc":{"start":{"line":8,"column":51},"end":{"line":8,"column":67}},"type":"binary-expr","locations":[{"start":{"line":8,"column":51},"end":{"line":8,"column":61}},{"start":{"line":8,"column":65},"end":{"line":8,"column":67}}],"line":8},"5":{"loc":{"start":{"line":18,"column":12},"end":{"line":23,"column":13}},"type":"if","locations":[{"start":{"line":18,"column":12},"end":{"line":23,"column":13}},{"start":{"line":18,"column":12},"end":{"line":23,"column":13}}],"line":18},"6":{"loc":{"start":{"line":29,"column":12},"end":{"line":34,"column":13}},"type":"if","locations":[{"start":{"line":29,"column":12},"end":{"line":34,"column":13}},{"start":{"line":29,"column":12},"end":{"line":34,"column":13}}],"line":29}},"s":{"0":1,"1":0,"2":0,"3":2,"4":0,"5":0,"6":0,"7":0,"8":0,"9":0,"10":2,"11":2,"12":1,"13":1,"14":1,"15":0,"16":0,"17":0,"18":0,"19":0,"20":2,"21":2,"22":2,"23":1,"24":1,"25":1},"f":{"0":2,"1":0,"2":0,"3":2,"4":0,"5":0,"6":2,"7":0,"8":0,"9":2,"10":2},"b":{"0":[1,1,1],"1":[0,0],"2":[2,2],"3":[2,0],"4":[2,2],"5":[0,0],"6":[1,1]},"inputSourceMap":{"version":3,"file":"D:/work/weatherBitClient/src/middleware/statistics.middleware .ts","sources":["D:/work/weatherBitClient/src/middleware/statistics.middleware .ts"],"names":[],"mappings":";;;;;;;;;;;AACA,+DAAuD;AACvD,uDAA6E;AAG7E,MAAM,oBAAoB;IAChB,oCAAoC,CAAC,GAAY,EAAE,GAAa,EAAE,IAAkB;;YACtF,MAAM,EAAE,KAAK,EAAE,GAAG,+BAAmB,CAAC,QAAQ,CAAC,GAAG,CAAC,MAAM,CAAC,CAAC;YAC3D,IAAI,CAAC,KAAK,EAAE;gBACR,IAAI,EAAE,CAAC;aACV;iBAAM;gBACH,GAAG,CAAC,MAAM,CAAC,4BAAU,CAAC,gBAAgB,CAAC,CAAC,IAAI,CAAC,EAAE,KAAK,EAAE,oBAAoB,EAAE,CAAC,CAAC;aACjF;QACL,CAAC;KAAA;IAEK,cAAc,CAAC,GAAY,EAAE,GAAa,EAAE,IAAkB;;YAEhE,MAAM,EAAE,KAAK,EAAE,GAAG,yBAAa,CAAC,QAAQ,CAAC,GAAG,CAAC,MAAM,CAAC,CAAC;YACrD,IAAI,CAAC,KAAK,EAAE;gBACR,IAAI,EAAE,CAAC;aACV;iBAAM;gBACH,GAAG,CAAC,MAAM,CAAC,4BAAU,CAAC,gBAAgB,CAAC,CAAC,IAAI,CAAC,EAAE,KAAK,EAAE,gBAAgB,EAAE,CAAC,CAAC;aAC7E;QACL,CAAC;KAAA;CAEJ;AAED,kBAAe,IAAI,oBAAoB,EAAE,CAAC","sourcesContent":["import express, { Request, Response, NextFunction } from \"express\";\r\nimport { errorCodes } from \"../errors/errorStatusCode\";\r\nimport { cityValidator, statisticsValidator } from \"../validators/validator\";\r\n\r\n\r\nclass StatisticsMidlleware {\r\n    async validateRequiredStatisticsBodyFields(req: Request, res: Response, next: NextFunction) {\r\n        const { error } = statisticsValidator.validate(req.params);\r\n        if (!error) {\r\n            next();\r\n        } else {\r\n            res.status(errorCodes.VALIDATION_ERROR).send({ error: \"invalid statistics\" });\r\n        }\r\n    }\r\n\r\n    async validateCityId(req: Request, res: Response, next: NextFunction) {\r\n\r\n        const { error } = cityValidator.validate(req.params);\r\n        if (!error) {\r\n            next();\r\n        } else {\r\n            res.status(errorCodes.VALIDATION_ERROR).send({ error: \"invalid cityId\" });\r\n        }\r\n    }\r\n\r\n}\r\n\r\nexport default new StatisticsMidlleware();"]},"_coverageSchema":"1a1c01bbd47fc00a2c39e90264f33305004495a9","hash":"244c72f14fa0e11b3f9de980b6edde008e3569dd"}}