TN:
SF:src\app.ts
FN:24,(anonymous_1)
FNF:1
FNH:1
FNDA:1,(anonymous_1)
DA:1,1
DA:3,1
DA:4,1
DA:7,1
DA:9,1
DA:11,1
DA:14,1
DA:15,1
DA:24,1
DA:27,1
DA:28,1
DA:29,1
DA:33,1
LF:13
LH:13
BRF:0
BRH:0
end_of_record
TN:
SF:src\weaterbit.ts
FN:18,(anonymous_0)
FN:30,(anonymous_1)
FN:46,(anonymous_2)
FNF:3
FNH:0
FNDA:0,(anonymous_0)
FNDA:0,(anonymous_1)
FNDA:0,(anonymous_2)
DA:10,0
DA:13,0
DA:14,0
DA:15,0
DA:18,0
DA:19,0
DA:20,0
DA:21,0
DA:23,0
DA:25,0
DA:30,0
DA:31,0
DA:32,0
DA:33,0
DA:38,0
DA:42,0
DA:47,0
LF:17
LH:0
BRDA:18,0,0,0
BRDA:18,1,0,0
BRDA:18,2,0,0
BRDA:20,3,0,0
BRDA:20,3,1,0
BRDA:31,4,0,0
BRDA:31,4,1,0
BRDA:31,5,0,0
BRDA:31,5,1,0
BRF:9
BRH:0
end_of_record
TN:
SF:src\controller\city.controller.ts
FN:5,(anonymous_0)
FN:9,(anonymous_1)
FN:13,(anonymous_2)
FNF:3
FNH:0
FNDA:0,(anonymous_0)
FNDA:0,(anonymous_1)
FNDA:0,(anonymous_2)
DA:6,0
DA:7,0
DA:10,0
DA:11,0
DA:14,0
DA:15,0
LF:6
LH:0
BRF:0
BRH:0
end_of_record
TN:
SF:src\controller\statistics.controller.ts
FN:8,(anonymous_8)
FN:14,(anonymous_10)
FN:28,(anonymous_11)
FN:32,(anonymous_13)
FN:39,(anonymous_15)
FNF:5
FNH:4
FNDA:1,(anonymous_8)
FNDA:81,(anonymous_10)
FNDA:0,(anonymous_11)
FNDA:1,(anonymous_13)
FNDA:27,(anonymous_15)
DA:4,1
DA:5,1
DA:9,1
DA:10,1
DA:11,1
DA:12,1
DA:13,1
DA:14,81
DA:15,1
DA:20,1
DA:22,0
DA:26,1
DA:29,0
DA:30,0
DA:33,1
DA:34,1
DA:35,1
DA:36,1
DA:37,1
DA:38,1
DA:39,27
DA:40,1
DA:45,1
DA:47,0
DA:50,1
DA:55,1
LF:26
LH:22
BRDA:10,0,0,1
BRDA:10,0,1,0
BRDA:10,1,0,1
BRDA:10,1,1,1
BRDA:10,1,2,1
BRDA:10,1,3,1
BRDA:35,2,0,1
BRDA:35,2,1,0
BRDA:35,3,0,1
BRDA:35,3,1,1
BRDA:35,3,2,1
BRDA:35,3,3,1
BRF:12
BRH:10
end_of_record
TN:
SF:src\controller\weather.controller.ts
FN:5,(anonymous_8)
FN:9,(anonymous_10)
FN:13,(anonymous_12)
FNF:3
FNH:2
FNDA:1,(anonymous_8)
FNDA:0,(anonymous_10)
FNDA:1,(anonymous_12)
DA:2,1
DA:6,1
DA:7,1
DA:10,0
DA:11,0
DA:15,1
DA:16,1
DA:20,1
LF:8
LH:6
BRF:0
BRH:0
end_of_record
TN:
SF:src\dao\city.dao.ts
FN:25,(anonymous_0)
FN:30,(anonymous_1)
FN:31,(anonymous_2)
FN:35,(anonymous_3)
FN:40,(anonymous_4)
FNF:5
FNH:0
FNDA:0,(anonymous_0)
FNDA:0,(anonymous_1)
FNDA:0,(anonymous_2)
FNDA:0,(anonymous_3)
FNDA:0,(anonymous_4)
DA:17,0
DA:27,0
DA:31,0
DA:32,0
DA:36,0
DA:41,0
LF:6
LH:0
BRF:0
BRH:0
end_of_record
TN:
SF:src\dao\common.dao.ts
FN:12,(anonymous_0)
FN:23,(anonymous_1)
FNF:2
FNH:0
FNDA:0,(anonymous_0)
FNDA:0,(anonymous_1)
DA:6,0
DA:7,0
DA:8,0
DA:13,0
DA:14,0
DA:15,0
DA:16,0
DA:18,0
DA:24,0
DA:25,0
DA:26,0
DA:27,0
DA:28,0
DA:29,0
DA:32,0
LF:15
LH:0
BRDA:14,0,0,0
BRDA:14,0,1,0
BRDA:27,1,0,0
BRDA:27,1,1,0
BRF:4
BRH:0
end_of_record
TN:
SF:src\dao\serverConfig.dao.ts
FN:15,(anonymous_0)
FN:19,(anonymous_1)
FNF:2
FNH:0
FNDA:0,(anonymous_0)
FNDA:0,(anonymous_1)
DA:16,0
DA:20,0
DA:21,0
LF:3
LH:0
BRF:0
BRH:0
end_of_record
TN:
SF:src\dao\statistics.dao.ts
FN:13,(anonymous_8)
FN:17,(anonymous_10)
FNF:2
FNH:2
FNDA:2,(anonymous_8)
FNDA:2,(anonymous_10)
DA:4,1
DA:14,2
DA:18,2
DA:29,1
LF:4
LH:4
BRDA:17,0,0,0
BRF:1
BRH:0
end_of_record
TN:
SF:src\dao\weather.dao.ts
FN:12,(anonymous_8)
FN:22,(anonymous_9)
FN:25,(anonymous_11)
FN:32,(anonymous_13)
FN:39,(anonymous_15)
FN:45,(anonymous_17)
FNF:6
FNH:5
FNDA:1,(anonymous_8)
FNDA:0,(anonymous_9)
FNDA:1,(anonymous_11)
FNDA:1,(anonymous_13)
FNDA:1,(anonymous_15)
FNDA:1,(anonymous_17)
DA:3,1
DA:4,1
DA:5,1
DA:6,1
DA:14,1
DA:23,0
DA:27,1
DA:30,1
DA:34,1
DA:37,1
DA:41,1
DA:43,1
DA:46,1
DA:47,1
DA:49,0
DA:58,1
LF:16
LH:14
BRF:0
BRH:0
end_of_record
TN:
SF:src\dao\client\client.ts
FN:5,(anonymous_7)
FN:5,(anonymous_8)
FNF:2
FNH:2
FNDA:1,(anonymous_7)
FNDA:1,(anonymous_8)
DA:1,1
DA:2,1
DA:5,1
DA:7,1
DA:10,1
LF:5
LH:5
BRF:0
BRH:0
end_of_record
TN:
SF:src\dao\repository\city.repository.ts
FN:14,(anonymous_0)
FNF:1
FNH:0
FNDA:0,(anonymous_0)
DA:7,0
DA:14,0
DA:16,0
DA:17,0
DA:18,0
DA:20,0
LF:6
LH:0
BRF:0
BRH:0
end_of_record
TN:
SF:src\dao\repository\repository.common.ts
FNF:0
FNH:0
LF:0
LH:0
BRF:0
BRH:0
end_of_record
TN:
SF:src\dao\repository\serverConfig.repository.ts
FN:14,(anonymous_0)
FNF:1
FNH:0
FNDA:0,(anonymous_0)
DA:7,0
DA:14,0
DA:16,0
DA:17,0
DA:18,0
DA:19,0
LF:6
LH:0
BRF:0
BRH:0
end_of_record
TN:
SF:src\dao\repository\statistics.repository.ts
FN:16,(anonymous_8)
FN:16,(anonymous_9)
FNF:2
FNH:2
FNDA:1,(anonymous_8)
FNDA:1,(anonymous_9)
DA:1,1
DA:2,1
DA:7,1
DA:16,1
DA:18,1
DA:19,1
DA:20,1
DA:22,1
DA:25,1
LF:9
LH:9
BRF:0
BRH:0
end_of_record
TN:
SF:src\dao\repository\weather.repository.ts
FN:16,(anonymous_8)
FN:16,(anonymous_9)
FNF:2
FNH:2
FNDA:1,(anonymous_8)
FNDA:1,(anonymous_9)
DA:1,1
DA:2,1
DA:7,1
DA:16,1
DA:18,1
DA:19,1
DA:20,1
DA:22,1
DA:25,1
LF:9
LH:9
BRF:0
BRH:0
end_of_record
TN:
SF:src\dto\dto.ts
FNF:0
FNH:0
LF:0
LH:0
BRF:0
BRH:0
end_of_record
TN:
SF:src\errors\errorStatusCode.ts
FNF:0
FNH:0
DA:1,1
LF:1
LH:1
BRF:0
BRH:0
end_of_record
TN:
SF:src\errors\weatherError.ts
FN:8,(anonymous_0)
FN:39,(anonymous_1)
FNF:2
FNH:0
FNDA:0,(anonymous_0)
FNDA:0,(anonymous_1)
DA:1,1
DA:4,1
DA:6,1
DA:7,0
DA:9,0
DA:10,0
DA:11,0
DA:13,0
DA:15,0
DA:16,0
DA:19,0
DA:20,0
DA:23,0
DA:24,0
DA:27,0
DA:28,0
DA:31,0
DA:40,0
LF:18
LH:3
BRDA:11,0,0,0
BRDA:11,0,1,0
BRDA:13,1,0,0
BRDA:13,1,1,0
BRDA:13,1,2,0
BRDA:13,1,3,0
BRDA:13,1,4,0
BRF:7
BRH:0
end_of_record
TN:
SF:src\interfaces\crud.interface.ts
FNF:0
FNH:0
LF:0
LH:0
BRF:0
BRH:0
end_of_record
TN:
SF:src\job\weatherbit.job.ts
FN:22,(anonymous_0)
FN:32,(anonymous_1)
FN:34,(anonymous_2)
FNF:3
FNH:0
FNDA:0,(anonymous_0)
FNDA:0,(anonymous_1)
FNDA:0,(anonymous_2)
DA:9,0
DA:16,0
DA:17,0
DA:22,0
DA:23,0
DA:25,0
DA:26,0
DA:27,0
DA:32,0
DA:33,0
DA:34,0
LF:11
LH:0
BRF:0
BRH:0
end_of_record
TN:
SF:src\middleware\statistics.middleware .ts
FN:7,(anonymous_7)
FN:16,(anonymous_9)
FNF:2
FNH:1
FNDA:0,(anonymous_7)
FNDA:2,(anonymous_9)
DA:2,1
DA:3,1
DA:8,0
DA:9,0
DA:10,0
DA:12,0
DA:18,2
DA:19,2
DA:20,1
DA:22,1
DA:28,1
LF:11
LH:7
BRDA:9,0,0,0
BRDA:9,0,1,0
BRDA:19,1,0,1
BRDA:19,1,1,1
BRF:4
BRH:2
end_of_record
TN:
SF:src\middleware\weather.middleware.ts
FN:7,(anonymous_7)
FN:16,(anonymous_9)
FNF:2
FNH:1
FNDA:0,(anonymous_7)
FNDA:2,(anonymous_9)
DA:2,1
DA:3,1
DA:8,0
DA:9,0
DA:10,0
DA:12,0
DA:18,2
DA:19,2
DA:20,1
DA:22,1
DA:28,1
LF:11
LH:7
BRDA:9,0,0,0
BRDA:9,0,1,0
BRDA:19,1,0,1
BRDA:19,1,1,1
BRF:4
BRH:2
end_of_record
TN:
SF:src\routes\common.routes.config.ts
FN:6,(anonymous_0)
FN:11,(anonymous_1)
FNF:2
FNH:1
FNDA:2,(anonymous_0)
FNDA:0,(anonymous_1)
DA:2,1
DA:7,2
DA:8,2
DA:9,2
DA:12,0
LF:5
LH:4
BRF:0
BRH:0
end_of_record
TN:
SF:src\routes\statistics.routes.ts
FN:7,(anonymous_1)
FN:21,(anonymous_2)
FNF:2
FNH:2
FNDA:1,(anonymous_1)
FNDA:1,(anonymous_2)
DA:2,1
DA:3,1
DA:4,1
DA:6,1
DA:8,1
DA:12,1
DA:18,1
DA:22,1
LF:8
LH:8
BRF:0
BRH:0
end_of_record
TN:
SF:src\routes\weather.routs.ts
FN:8,(anonymous_1)
FN:22,(anonymous_2)
FNF:2
FNH:2
FNDA:1,(anonymous_1)
FNDA:1,(anonymous_2)
DA:3,1
DA:4,1
DA:5,1
DA:7,1
DA:9,1
DA:13,1
DA:19,1
DA:23,1
LF:8
LH:8
BRF:0
BRH:0
end_of_record
TN:
SF:src\service\city.service.ts
FN:7,(anonymous_0)
FN:10,(anonymous_1)
FN:13,(anonymous_2)
FN:16,(anonymous_3)
FNF:4
FNH:0
FNDA:0,(anonymous_0)
FNDA:0,(anonymous_1)
FNDA:0,(anonymous_2)
FNDA:0,(anonymous_3)
DA:8,0
DA:11,0
DA:14,0
DA:17,0
LF:4
LH:0
BRF:0
BRH:0
end_of_record
TN:
SF:src\service\serverConfig.service.ts
FN:7,(anonymous_0)
FN:10,(anonymous_1)
FN:13,(anonymous_2)
FNF:3
FNH:0
FNDA:0,(anonymous_0)
FNDA:0,(anonymous_1)
FNDA:0,(anonymous_2)
DA:8,0
DA:11,0
DA:14,0
LF:3
LH:0
BRF:0
BRH:0
end_of_record
TN:
SF:src\service\statistics.service.ts
FN:8,(anonymous_8)
FN:11,(anonymous_10)
FN:14,(anonymous_12)
FNF:3
FNH:2
FNDA:0,(anonymous_8)
FNDA:2,(anonymous_10)
FNDA:2,(anonymous_12)
DA:3,1
DA:9,0
DA:12,2
DA:15,2
DA:18,1
LF:5
LH:4
BRF:0
BRH:0
end_of_record
TN:
SF:src\service\weather.service.ts
FN:8,(anonymous_8)
FN:12,(anonymous_10)
FN:15,(anonymous_12)
FN:19,(anonymous_14)
FN:22,(anonymous_16)
FNF:5
FNH:4
FNDA:1,(anonymous_8)
FNDA:0,(anonymous_10)
FNDA:1,(anonymous_12)
FNDA:1,(anonymous_14)
FNDA:1,(anonymous_16)
DA:2,1
DA:3,1
DA:9,1
DA:13,0
DA:16,1
DA:20,1
DA:23,1
DA:27,1
LF:8
LH:7
BRF:0
BRH:0
end_of_record
TN:
SF:src\service\weatherbit.ts
FN:16,(anonymous_0)
FN:29,(anonymous_1)
FN:45,(anonymous_2)
FNF:3
FNH:0
FNDA:0,(anonymous_0)
FNDA:0,(anonymous_1)
FNDA:0,(anonymous_2)
DA:11,0
DA:12,0
DA:16,0
DA:17,0
DA:18,0
DA:19,0
DA:21,0
DA:22,0
DA:24,0
DA:29,0
DA:30,0
DA:31,0
DA:32,0
DA:37,0
DA:41,0
DA:46,0
LF:16
LH:0
BRDA:16,0,0,0
BRDA:16,1,0,0
BRDA:16,2,0,0
BRDA:18,3,0,0
BRDA:18,3,1,0
BRDA:30,4,0,0
BRDA:30,4,1,0
BRDA:30,5,0,0
BRDA:30,5,1,0
BRF:9
BRH:0
end_of_record
TN:
SF:src\util\enviroment.ts
FNF:0
FNH:0
DA:1,1
DA:2,1
DA:5,1
DA:7,1
LF:4
LH:4
BRF:0
BRH:0
end_of_record
TN:
SF:src\util\initialData.ts
FN:23,(anonymous_0)
FN:25,(anonymous_1)
FN:32,(anonymous_2)
FN:36,(anonymous_3)
FN:38,(anonymous_4)
FNF:5
FNH:0
FNDA:0,(anonymous_0)
FNDA:0,(anonymous_1)
FNDA:0,(anonymous_2)
FNDA:0,(anonymous_3)
FNDA:0,(anonymous_4)
DA:6,0
DA:7,0
DA:23,0
DA:25,0
DA:26,0
DA:27,0
DA:28,0
DA:29,0
DA:31,0
DA:33,0
DA:34,0
DA:36,0
DA:37,0
DA:38,0
DA:39,0
LF:15
LH:0
BRDA:27,0,0,0
BRDA:27,0,1,0
BRDA:33,1,0,0
BRDA:33,1,1,0
BRDA:33,2,0,0
BRDA:33,2,1,0
BRF:6
BRH:0
end_of_record
TN:
SF:src\validators\validator.ts
FNF:0
FNH:0
DA:1,1
DA:4,1
DA:10,1
DA:14,1
DA:19,1
LF:5
LH:5
BRF:0
BRH:0
end_of_record
